{"/home/travis/build/npmtest/node-npmtest-electron-rebuild/test.js":{"path":"/home/travis/build/npmtest/node-npmtest-electron-rebuild/test.js","s":{"1":2,"2":2,"3":2,"4":2,"5":2,"6":2,"7":2,"8":1,"9":2,"10":2,"11":1,"12":1,"13":1,"14":1,"15":2,"16":2,"17":2,"18":2,"19":1,"20":1,"21":2,"22":2,"23":2,"24":1,"25":1,"26":1,"27":1,"28":1,"29":1,"30":1,"31":1,"32":1,"33":1,"34":1,"35":1,"36":1,"37":1,"38":1,"39":2,"40":2,"41":1,"42":2,"43":2,"44":1,"45":2,"46":2,"47":1,"48":2,"49":2,"50":1,"51":1,"52":1,"53":1,"54":1},"b":{"1":[2,1,1,1],"2":[1,1,1,1],"3":[1,1],"4":[1,1],"5":[1,1],"6":[1,1],"7":[1,1],"8":[1,1],"9":[1,1],"10":[1,1,1],"11":[1,1],"12":[1,1],"13":[1,1],"14":[1,1],"15":[1,1],"16":[1,1],"17":[1,1]},"f":{"1":2,"2":2,"3":2,"4":2,"5":2,"6":1,"7":1,"8":1,"9":2,"10":2,"11":2,"12":2,"13":1},"fnMap":{"1":{"name":"(anonymous_1)","line":12,"loc":{"start":{"line":12,"column":1},"end":{"line":12,"column":13}}},"2":{"name":"(anonymous_2)","line":19,"loc":{"start":{"line":19,"column":5},"end":{"line":19,"column":17}}},"3":{"name":"(anonymous_3)","line":23,"loc":{"start":{"line":23,"column":24},"end":{"line":23,"column":36}}},"4":{"name":"(anonymous_4)","line":61,"loc":{"start":{"line":61,"column":5},"end":{"line":61,"column":17}}},"5":{"name":"(anonymous_5)","line":82,"loc":{"start":{"line":82,"column":5},"end":{"line":82,"column":17}}},"6":{"name":"(anonymous_6)","line":91,"loc":{"start":{"line":91,"column":77},"end":{"line":94,"column":10}}},"7":{"name":"(anonymous_7)","line":112,"loc":{"start":{"line":112,"column":83},"end":{"line":115,"column":10}},"skip":true},"8":{"name":"(anonymous_8)","line":123,"loc":{"start":{"line":123,"column":77},"end":{"line":126,"column":10}},"skip":true},"9":{"name":"(anonymous_9)","line":139,"loc":{"start":{"line":139,"column":12},"end":{"line":139,"column":40}},"skip":true},"10":{"name":"(anonymous_10)","line":147,"loc":{"start":{"line":147,"column":77},"end":{"line":150,"column":10}},"skip":true},"11":{"name":"(anonymous_11)","line":158,"loc":{"start":{"line":158,"column":83},"end":{"line":161,"column":10}},"skip":true},"12":{"name":"(anonymous_12)","line":169,"loc":{"start":{"line":169,"column":79},"end":{"line":172,"column":10}},"skip":true},"13":{"name":"(anonymous_13)","line":180,"loc":{"start":{"line":180,"column":75},"end":{"line":183,"column":10}},"skip":true}},"statementMap":{"1":{"start":{"line":12,"column":0},"end":{"line":195,"column":5}},"2":{"start":{"line":14,"column":4},"end":{"line":14,"column":14}},"3":{"start":{"line":19,"column":4},"end":{"line":56,"column":9}},"4":{"start":{"line":21,"column":8},"end":{"line":21,"column":19}},"5":{"start":{"line":23,"column":8},"end":{"line":35,"column":13}},"6":{"start":{"line":24,"column":12},"end":{"line":34,"column":13}},"7":{"start":{"line":25,"column":16},"end":{"line":28,"column":30}},"8":{"start":{"line":30,"column":16},"end":{"line":33,"column":27}},"9":{"start":{"line":37,"column":8},"end":{"line":39,"column":21}},"10":{"start":{"line":40,"column":8},"end":{"line":53,"column":9}},"11":{"start":{"line":43,"column":12},"end":{"line":46,"column":14}},"12":{"start":{"line":47,"column":12},"end":{"line":47,"column":18}},"13":{"start":{"line":50,"column":12},"end":{"line":51,"column":46}},"14":{"start":{"line":52,"column":12},"end":{"line":52,"column":18}},"15":{"start":{"line":55,"column":8},"end":{"line":55,"column":35}},"16":{"start":{"line":61,"column":4},"end":{"line":63,"column":9}},"17":{"start":{"line":62,"column":8},"end":{"line":62,"column":15}},"18":{"start":{"line":64,"column":4},"end":{"line":77,"column":5}},"19":{"start":{"line":70,"column":8},"end":{"line":70,"column":14}},"20":{"start":{"line":76,"column":8},"end":{"line":76,"column":14}},"21":{"start":{"line":82,"column":4},"end":{"line":84,"column":9}},"22":{"start":{"line":83,"column":8},"end":{"line":83,"column":15}},"23":{"start":{"line":85,"column":4},"end":{"line":194,"column":5}},"24":{"start":{"line":91,"column":8},"end":{"line":99,"column":10}},"25":{"start":{"line":98,"column":12},"end":{"line":98,"column":35}},"26":{"start":{"line":102,"column":8},"end":{"line":104,"column":63}},"27":{"start":{"line":105,"column":8},"end":{"line":105,"column":14}},"28":{"start":{"line":112,"column":8},"end":{"line":121,"column":10},"skip":true},"29":{"start":{"line":119,"column":12},"end":{"line":119,"column":55},"skip":true},"30":{"start":{"line":120,"column":12},"end":{"line":120,"column":48},"skip":true},"31":{"start":{"line":123,"column":8},"end":{"line":136,"column":10},"skip":true},"32":{"start":{"line":130,"column":12},"end":{"line":130,"column":76},"skip":true},"33":{"start":{"line":131,"column":12},"end":{"line":131,"column":73},"skip":true},"34":{"start":{"line":132,"column":12},"end":{"line":132,"column":74},"skip":true},"35":{"start":{"line":133,"column":12},"end":{"line":133,"column":79},"skip":true},"36":{"start":{"line":134,"column":12},"end":{"line":134,"column":25},"skip":true},"37":{"start":{"line":135,"column":12},"end":{"line":135,"column":45},"skip":true},"38":{"start":{"line":138,"column":8},"end":{"line":145,"column":14},"skip":true},"39":{"start":{"line":143,"column":16},"end":{"line":143,"column":29},"skip":true},"40":{"start":{"line":144,"column":16},"end":{"line":144,"column":55},"skip":true},"41":{"start":{"line":147,"column":8},"end":{"line":156,"column":10},"skip":true},"42":{"start":{"line":154,"column":12},"end":{"line":154,"column":25},"skip":true},"43":{"start":{"line":155,"column":12},"end":{"line":155,"column":45},"skip":true},"44":{"start":{"line":158,"column":8},"end":{"line":167,"column":10},"skip":true},"45":{"start":{"line":165,"column":12},"end":{"line":165,"column":25},"skip":true},"46":{"start":{"line":166,"column":12},"end":{"line":166,"column":48},"skip":true},"47":{"start":{"line":169,"column":8},"end":{"line":178,"column":10},"skip":true},"48":{"start":{"line":176,"column":12},"end":{"line":176,"column":25},"skip":true},"49":{"start":{"line":177,"column":12},"end":{"line":177,"column":46},"skip":true},"50":{"start":{"line":180,"column":8},"end":{"line":189,"column":10},"skip":true},"51":{"start":{"line":187,"column":12},"end":{"line":187,"column":94},"skip":true},"52":{"start":{"line":188,"column":12},"end":{"line":188,"column":48},"skip":true},"53":{"start":{"line":192,"column":8},"end":{"line":192,"column":35},"skip":true},"54":{"start":{"line":193,"column":8},"end":{"line":193,"column":14},"skip":true}},"branchMap":{"1":{"line":25,"type":"binary-expr","locations":[{"start":{"line":25,"column":23},"end":{"line":25,"column":62}},{"start":{"line":26,"column":20},"end":{"line":26,"column":70}},{"start":{"line":27,"column":20},"end":{"line":27,"column":71}},{"start":{"line":28,"column":20},"end":{"line":28,"column":29}}]},"2":{"line":30,"type":"binary-expr","locations":[{"start":{"line":30,"column":23},"end":{"line":30,"column":37}},{"start":{"line":31,"column":20},"end":{"line":31,"column":61}},{"start":{"line":32,"column":20},"end":{"line":32,"column":70}},{"start":{"line":33,"column":20},"end":{"line":33,"column":26}}]},"3":{"line":37,"type":"cond-expr","locations":[{"start":{"line":38,"column":14},"end":{"line":38,"column":20}},{"start":{"line":39,"column":14},"end":{"line":39,"column":20}}]},"4":{"line":40,"type":"switch","locations":[{"start":{"line":42,"column":8},"end":{"line":47,"column":18}},{"start":{"line":49,"column":8},"end":{"line":52,"column":18}}]},"5":{"line":44,"type":"binary-expr","locations":[{"start":{"line":44,"column":16},"end":{"line":44,"column":44}},{"start":{"line":44,"column":48},"end":{"line":44,"column":66}}]},"6":{"line":50,"type":"binary-expr","locations":[{"start":{"line":50,"column":21},"end":{"line":50,"column":49}},{"start":{"line":50,"column":53},"end":{"line":50,"column":72}}]},"7":{"line":64,"type":"switch","locations":[{"start":{"line":69,"column":4},"end":{"line":70,"column":14}},{"start":{"line":75,"column":4},"end":{"line":76,"column":14}}]},"8":{"line":85,"type":"switch","locations":[{"start":{"line":90,"column":4},"end":{"line":105,"column":14}},{"start":{"line":111,"column":4},"end":{"line":193,"column":14},"skip":true}]},"9":{"line":91,"type":"binary-expr","locations":[{"start":{"line":91,"column":42},"end":{"line":91,"column":73}},{"start":{"line":91,"column":77},"end":{"line":99,"column":9}}]},"10":{"line":102,"type":"binary-expr","locations":[{"start":{"line":102,"column":18},"end":{"line":102,"column":32}},{"start":{"line":103,"column":12},"end":{"line":103,"column":53}},{"start":{"line":104,"column":12},"end":{"line":104,"column":61}}]},"11":{"line":112,"type":"binary-expr","locations":[{"start":{"line":112,"column":45},"end":{"line":112,"column":79},"skip":true},{"start":{"line":112,"column":83},"end":{"line":121,"column":9},"skip":true}]},"12":{"line":123,"type":"binary-expr","locations":[{"start":{"line":123,"column":42},"end":{"line":123,"column":73},"skip":true},{"start":{"line":123,"column":77},"end":{"line":136,"column":9},"skip":true}]},"13":{"line":138,"type":"binary-expr","locations":[{"start":{"line":138,"column":48},"end":{"line":138,"column":85},"skip":true},{"start":{"line":139,"column":12},"end":{"line":145,"column":13},"skip":true}]},"14":{"line":147,"type":"binary-expr","locations":[{"start":{"line":147,"column":42},"end":{"line":147,"column":73},"skip":true},{"start":{"line":147,"column":77},"end":{"line":156,"column":9},"skip":true}]},"15":{"line":158,"type":"binary-expr","locations":[{"start":{"line":158,"column":45},"end":{"line":158,"column":79},"skip":true},{"start":{"line":158,"column":83},"end":{"line":167,"column":9},"skip":true}]},"16":{"line":169,"type":"binary-expr","locations":[{"start":{"line":169,"column":43},"end":{"line":169,"column":75},"skip":true},{"start":{"line":169,"column":79},"end":{"line":178,"column":9},"skip":true}]},"17":{"line":180,"type":"binary-expr","locations":[{"start":{"line":180,"column":41},"end":{"line":180,"column":71},"skip":true},{"start":{"line":180,"column":75},"end":{"line":189,"column":9},"skip":true}]}},"code":["/* istanbul instrument in package npmtest_electron_rebuild */","/*jslint","    bitwise: true,","    browser: true,","    maxerr: 8,","    maxlen: 96,","    node: true,","    nomen: true,","    regexp: true,","    stupid: true","*/","(function () {","    'use strict';","    var local;","","","","    // run shared js-env code - pre-init","    (function () {","        // init local","        local = {};","        // init modeJs","        local.modeJs = (function () {","            try {","                return typeof navigator.userAgent === 'string' &&","                    typeof document.querySelector('body') === 'object' &&","                    typeof XMLHttpRequest.prototype.open === 'function' &&","                    'browser';","            } catch (errorCaughtBrowser) {","                return module.exports &&","                    typeof process.versions.node === 'string' &&","                    typeof require('http').createServer === 'function' &&","                    'node';","            }","        }());","        // init global","        local.global = local.modeJs === 'browser'","            ? window","            : global;","        switch (local.modeJs) {","        // re-init local from window.local","        case 'browser':","            local = local.global.utility2.objectSetDefault(","                local.global.utility2_rollup || local.global.local,","                local.global.utility2","            );","            break;","        // re-init local from example.js","        case 'node':","            local = (local.global.utility2_rollup || require('utility2'))","                .requireExampleJsFromReadme();","            break;","        }","        // export local","        local.global.local = local;","    }());","","","","    // run shared js-env code - function","    (function () {","        return;","    }());","    switch (local.modeJs) {","","","","    // run browser js-env code - function","    case 'browser':","        break;","","","","    // run node js-env code - function","    case 'node':","        break;","    }","","","","    // run shared js-env code - post-init","    (function () {","        return;","    }());","    switch (local.modeJs) {","","","","    // run browser js-env code - post-init","    case 'browser':","        local.testCase_browser_nullCase = local.testCase_browser_nullCase || function (","            options,","            onError","        ) {","        /*","         * this function will test browsers's null-case handling-behavior-behavior","         */","            onError(null, options);","        };","","        // run tests","        local.nop(local.modeTest &&","            document.querySelector('#testRunButton1') &&","            document.querySelector('#testRunButton1').click());","        break;","","","","    // run node js-env code - post-init","    /* istanbul ignore next */","    case 'node':","        local.testCase_buildApidoc_default = local.testCase_buildApidoc_default || function (","            options,","            onError","        ) {","        /*","         * this function will test buildApidoc's default handling-behavior-behavior","         */","            options = { modulePathList: module.paths };","            local.buildApidoc(options, onError);","        };","","        local.testCase_buildApp_default = local.testCase_buildApp_default || function (","            options,","            onError","        ) {","        /*","         * this function will test buildApp's default handling-behavior-behavior","         */","            local.testCase_buildReadme_default(options, local.onErrorThrow);","            local.testCase_buildLib_default(options, local.onErrorThrow);","            local.testCase_buildTest_default(options, local.onErrorThrow);","            local.testCase_buildCustomOrg_default(options, local.onErrorThrow);","            options = [];","            local.buildApp(options, onError);","        };","","        local.testCase_buildCustomOrg_default = local.testCase_buildCustomOrg_default ||","            function (options, onError) {","            /*","             * this function will test buildCustomOrg's default handling-behavior","             */","                options = {};","                local.buildCustomOrg(options, onError);","            };","","        local.testCase_buildLib_default = local.testCase_buildLib_default || function (","            options,","            onError","        ) {","        /*","         * this function will test buildLib's default handling-behavior","         */","            options = {};","            local.buildLib(options, onError);","        };","","        local.testCase_buildReadme_default = local.testCase_buildReadme_default || function (","            options,","            onError","        ) {","        /*","         * this function will test buildReadme's default handling-behavior-behavior","         */","            options = {};","            local.buildReadme(options, onError);","        };","","        local.testCase_buildTest_default = local.testCase_buildTest_default || function (","            options,","            onError","        ) {","        /*","         * this function will test buildTest's default handling-behavior","         */","            options = {};","            local.buildTest(options, onError);","        };","","        local.testCase_webpage_default = local.testCase_webpage_default || function (","            options,","            onError","        ) {","        /*","         * this function will test webpage's default handling-behavior","         */","            options = { modeCoverageMerge: true, url: local.serverLocalHost + '?modeTest=1' };","            local.browserTest(options, onError);","        };","","        // run test-server","        local.testRunServer(local);","        break;","    }","}());",""],"l":{"12":2,"14":2,"19":2,"21":2,"23":2,"24":2,"25":2,"30":1,"37":2,"40":2,"43":1,"47":1,"50":1,"52":1,"55":2,"61":2,"62":2,"64":2,"70":1,"76":1,"82":2,"83":2,"85":2,"91":1,"98":1,"102":1,"105":1,"112":1,"119":1,"120":1,"123":1,"130":1,"131":1,"132":1,"133":1,"134":1,"135":1,"138":1,"143":2,"144":2,"147":1,"154":2,"155":2,"158":1,"165":2,"166":2,"169":1,"176":2,"177":2,"180":1,"187":1,"188":1,"192":1,"193":1}},"/home/travis/build/npmtest/node-npmtest-electron-rebuild/lib.npmtest_electron_rebuild.js":{"path":"/home/travis/build/npmtest/node-npmtest-electron-rebuild/lib.npmtest_electron_rebuild.js","s":{"1":2,"2":2,"3":2,"4":2,"5":2,"6":2,"7":2,"8":1,"9":2,"10":2,"11":2,"12":2,"13":1,"14":1,"15":1,"16":1},"b":{"1":[2,1,1,1],"2":[1,1,1,1],"3":[1,1],"4":[2,2],"5":[1,1]},"f":{"1":2,"2":2,"3":2},"fnMap":{"1":{"name":"(anonymous_1)","line":12,"loc":{"start":{"line":12,"column":1},"end":{"line":12,"column":13}}},"2":{"name":"(anonymous_2)","line":19,"loc":{"start":{"line":19,"column":5},"end":{"line":19,"column":17}}},"3":{"name":"(anonymous_3)","line":23,"loc":{"start":{"line":23,"column":24},"end":{"line":23,"column":36}}}},"statementMap":{"1":{"start":{"line":12,"column":0},"end":{"line":53,"column":5}},"2":{"start":{"line":14,"column":4},"end":{"line":14,"column":14}},"3":{"start":{"line":19,"column":4},"end":{"line":52,"column":9}},"4":{"start":{"line":21,"column":8},"end":{"line":21,"column":19}},"5":{"start":{"line":23,"column":8},"end":{"line":35,"column":13}},"6":{"start":{"line":24,"column":12},"end":{"line":34,"column":13}},"7":{"start":{"line":25,"column":16},"end":{"line":28,"column":30}},"8":{"start":{"line":30,"column":16},"end":{"line":33,"column":27}},"9":{"start":{"line":37,"column":8},"end":{"line":39,"column":21}},"10":{"start":{"line":41,"column":8},"end":{"line":41,"column":54}},"11":{"start":{"line":43,"column":8},"end":{"line":43,"column":61}},"12":{"start":{"line":45,"column":8},"end":{"line":51,"column":9}},"13":{"start":{"line":46,"column":12},"end":{"line":46,"column":67}},"14":{"start":{"line":48,"column":12},"end":{"line":48,"column":35}},"15":{"start":{"line":49,"column":12},"end":{"line":49,"column":49}},"16":{"start":{"line":50,"column":12},"end":{"line":50,"column":43}}},"branchMap":{"1":{"line":25,"type":"binary-expr","locations":[{"start":{"line":25,"column":23},"end":{"line":25,"column":62}},{"start":{"line":26,"column":20},"end":{"line":26,"column":70}},{"start":{"line":27,"column":20},"end":{"line":27,"column":71}},{"start":{"line":28,"column":20},"end":{"line":28,"column":29}}]},"2":{"line":30,"type":"binary-expr","locations":[{"start":{"line":30,"column":23},"end":{"line":30,"column":37}},{"start":{"line":31,"column":20},"end":{"line":31,"column":61}},{"start":{"line":32,"column":20},"end":{"line":32,"column":70}},{"start":{"line":33,"column":20},"end":{"line":33,"column":26}}]},"3":{"line":37,"type":"cond-expr","locations":[{"start":{"line":38,"column":14},"end":{"line":38,"column":20}},{"start":{"line":39,"column":14},"end":{"line":39,"column":20}}]},"4":{"line":41,"type":"binary-expr","locations":[{"start":{"line":41,"column":16},"end":{"line":41,"column":44}},{"start":{"line":41,"column":48},"end":{"line":41,"column":53}}]},"5":{"line":45,"type":"if","locations":[{"start":{"line":45,"column":8},"end":{"line":45,"column":8}},{"start":{"line":45,"column":8},"end":{"line":45,"column":8}}]}},"code":["/* istanbul instrument in package npmtest_electron_rebuild */","/*jslint","    bitwise: true,","    browser: true,","    maxerr: 8,","    maxlen: 96,","    node: true,","    nomen: true,","    regexp: true,","    stupid: true","*/","(function () {","    'use strict';","    var local;","","","","    // run shared js-env code - pre-init","    (function () {","        // init local","        local = {};","        // init modeJs","        local.modeJs = (function () {","            try {","                return typeof navigator.userAgent === 'string' &&","                    typeof document.querySelector('body') === 'object' &&","                    typeof XMLHttpRequest.prototype.open === 'function' &&","                    'browser';","            } catch (errorCaughtBrowser) {","                return module.exports &&","                    typeof process.versions.node === 'string' &&","                    typeof require('http').createServer === 'function' &&","                    'node';","            }","        }());","        // init global","        local.global = local.modeJs === 'browser'","            ? window","            : global;","        // init utility2_rollup","        local = local.global.utility2_rollup || local;","        // init lib","        local.local = local.npmtest_electron_rebuild = local;","        // init exports","        if (local.modeJs === 'browser') {","            local.global.utility2_npmtest_electron_rebuild = local;","        } else {","            module.exports = local;","            module.exports.__dirname = __dirname;","            module.exports.module = module;","        }","    }());","}());",""],"l":{"12":2,"14":2,"19":2,"21":2,"23":2,"24":2,"25":2,"30":1,"37":2,"41":2,"43":2,"45":2,"46":1,"48":1,"49":1,"50":1}},"/home/travis/build/npmtest/node-npmtest-electron-rebuild/example.js":{"path":"/home/travis/build/npmtest/node-npmtest-electron-rebuild/example.js","s":{"1":2,"2":2,"3":2,"4":2,"5":2,"6":2,"7":2,"8":1,"9":2,"10":2,"11":2,"12":2,"13":1,"14":2,"15":2,"16":2,"17":2,"18":2,"19":0,"20":2,"21":1,"22":1,"23":1,"24":1,"25":1,"26":0,"27":0,"28":1,"29":1,"30":2,"31":0,"32":0,"33":0,"34":1,"35":2,"36":2,"37":3,"38":3,"39":3,"40":3,"41":0,"42":3,"43":3,"44":3,"45":1,"46":3,"47":1,"48":1,"49":1,"50":1,"51":1,"52":1,"53":1,"54":1,"55":1,"56":1,"57":0,"58":1,"59":6,"60":6,"61":1,"62":2,"63":0,"64":2,"65":1,"66":1,"67":0,"68":0,"69":0,"70":0,"71":0,"72":0,"73":0,"74":0,"75":0,"76":0,"77":0,"78":0,"79":0,"80":0,"81":0,"82":0,"83":0},"b":{"1":[2,1,1,1],"2":[1,1,1,1],"3":[1,1],"4":[2,2],"5":[1,1],"6":[1,1],"7":[2,0],"8":[2,1,1,1,1,1],"9":[0,2,0],"10":[1,1],"11":[2,1,1],"12":[1,0],"13":[0,2],"14":[2,0,0,0,0,0,0],"15":[0,3],"16":[3,0],"17":[1,1],"18":[0,1],"19":[1,2,0,2],"20":[1,0],"21":[1,1],"22":[0,0],"23":[0,0],"24":[0,0],"25":[0,0],"26":[0,0],"27":[0,0],"28":[0,0]},"f":{"1":2,"2":2,"3":2,"4":2,"5":2,"6":2,"7":3,"8":3,"9":3,"10":1,"11":6,"12":0},"fnMap":{"1":{"name":"(anonymous_1)","line":26,"loc":{"start":{"line":26,"column":1},"end":{"line":26,"column":13}}},"2":{"name":"(anonymous_2)","line":33,"loc":{"start":{"line":33,"column":5},"end":{"line":33,"column":17}}},"3":{"name":"(anonymous_3)","line":37,"loc":{"start":{"line":37,"column":24},"end":{"line":37,"column":36}}},"4":{"name":"(anonymous_4)","line":69,"loc":{"start":{"line":69,"column":31},"end":{"line":69,"column":48}},"skip":true},"5":{"name":"(anonymous_5)","line":78,"loc":{"start":{"line":78,"column":26},"end":{"line":78,"column":45}},"skip":true},"6":{"name":"(anonymous_6)","line":123,"loc":{"start":{"line":123,"column":33},"end":{"line":123,"column":48}},"skip":true},"7":{"name":"(anonymous_7)","line":125,"loc":{"start":{"line":125,"column":27},"end":{"line":125,"column":39}},"skip":true},"8":{"name":"(anonymous_8)","line":133,"loc":{"start":{"line":133,"column":59},"end":{"line":133,"column":74}},"skip":true},"9":{"name":"(anonymous_9)","line":143,"loc":{"start":{"line":143,"column":45},"end":{"line":143,"column":62}},"skip":true},"10":{"name":"(anonymous_10)","line":144,"loc":{"start":{"line":144,"column":73},"end":{"line":144,"column":92}},"skip":true},"11":{"name":"(anonymous_11)","line":272,"loc":{"start":{"line":272,"column":51},"end":{"line":272,"column":77}},"skip":true},"12":{"name":"(anonymous_12)","line":315,"loc":{"start":{"line":315,"column":32},"end":{"line":315,"column":61}},"skip":true}},"statementMap":{"1":{"start":{"line":26,"column":0},"end":{"line":326,"column":5}},"2":{"start":{"line":28,"column":4},"end":{"line":28,"column":14}},"3":{"start":{"line":33,"column":4},"end":{"line":60,"column":9}},"4":{"start":{"line":35,"column":8},"end":{"line":35,"column":19}},"5":{"start":{"line":37,"column":8},"end":{"line":49,"column":13}},"6":{"start":{"line":38,"column":12},"end":{"line":48,"column":13}},"7":{"start":{"line":39,"column":16},"end":{"line":42,"column":30}},"8":{"start":{"line":44,"column":16},"end":{"line":47,"column":27}},"9":{"start":{"line":51,"column":8},"end":{"line":53,"column":21}},"10":{"start":{"line":55,"column":8},"end":{"line":57,"column":45}},"11":{"start":{"line":59,"column":8},"end":{"line":59,"column":35}},"12":{"start":{"line":61,"column":4},"end":{"line":325,"column":5}},"13":{"start":{"line":69,"column":8},"end":{"line":121,"column":10},"skip":true},"14":{"start":{"line":70,"column":12},"end":{"line":88,"column":13},"skip":true},"15":{"start":{"line":76,"column":16},"end":{"line":87,"column":19},"skip":true},"16":{"start":{"line":79,"column":20},"end":{"line":86,"column":21},"skip":true},"17":{"start":{"line":82,"column":24},"end":{"line":82,"column":43},"skip":true},"18":{"start":{"line":83,"column":24},"end":{"line":83,"column":30},"skip":true},"19":{"start":{"line":85,"column":24},"end":{"line":85,"column":49},"skip":true},"20":{"start":{"line":89,"column":12},"end":{"line":107,"column":13},"skip":true},"21":{"start":{"line":92,"column":16},"end":{"line":102,"column":17},"skip":true},"22":{"start":{"line":93,"column":20},"end":{"line":93,"column":86},"skip":true},"23":{"start":{"line":94,"column":20},"end":{"line":95,"column":45},"skip":true},"24":{"start":{"line":96,"column":20},"end":{"line":96,"column":42},"skip":true},"25":{"start":{"line":97,"column":20},"end":{"line":97,"column":48},"skip":true},"26":{"start":{"line":100,"column":20},"end":{"line":100,"column":85},"skip":true},"27":{"start":{"line":101,"column":20},"end":{"line":101,"column":96},"skip":true},"28":{"start":{"line":103,"column":16},"end":{"line":103,"column":22},"skip":true},"29":{"start":{"line":106,"column":16},"end":{"line":106,"column":22},"skip":true},"30":{"start":{"line":108,"column":12},"end":{"line":120,"column":13},"skip":true},"31":{"start":{"line":114,"column":16},"end":{"line":119,"column":17},"skip":true},"32":{"start":{"line":116,"column":20},"end":{"line":116,"column":78},"skip":true},"33":{"start":{"line":118,"column":20},"end":{"line":118,"column":47},"skip":true},"34":{"start":{"line":123,"column":8},"end":{"line":141,"column":11},"skip":true},"35":{"start":{"line":124,"column":12},"end":{"line":124,"column":54},"skip":true},"36":{"start":{"line":125,"column":12},"end":{"line":140,"column":14},"skip":true},"37":{"start":{"line":126,"column":16},"end":{"line":126,"column":28},"skip":true},"38":{"start":{"line":127,"column":16},"end":{"line":127,"column":69},"skip":true},"39":{"start":{"line":128,"column":16},"end":{"line":128,"column":75},"skip":true},"40":{"start":{"line":129,"column":16},"end":{"line":131,"column":17},"skip":true},"41":{"start":{"line":130,"column":20},"end":{"line":130,"column":27},"skip":true},"42":{"start":{"line":133,"column":16},"end":{"line":137,"column":36},"skip":true},"43":{"start":{"line":134,"column":20},"end":{"line":136,"column":55},"skip":true},"44":{"start":{"line":139,"column":16},"end":{"line":139,"column":57},"skip":true},"45":{"start":{"line":143,"column":8},"end":{"line":147,"column":11},"skip":true},"46":{"start":{"line":144,"column":12},"end":{"line":146,"column":15},"skip":true},"47":{"start":{"line":145,"column":16},"end":{"line":145,"column":70},"skip":true},"48":{"start":{"line":149,"column":8},"end":{"line":149,"column":31},"skip":true},"49":{"start":{"line":150,"column":8},"end":{"line":150,"column":14},"skip":true},"50":{"start":{"line":158,"column":8},"end":{"line":158,"column":31},"skip":true},"51":{"start":{"line":160,"column":8},"end":{"line":160,"column":33},"skip":true},"52":{"start":{"line":161,"column":8},"end":{"line":161,"column":37},"skip":true},"53":{"start":{"line":162,"column":8},"end":{"line":162,"column":35},"skip":true},"54":{"start":{"line":164,"column":8},"end":{"line":164,"column":50},"skip":true},"55":{"start":{"line":166,"column":8},"end":{"line":256,"column":2},"skip":true},"56":{"start":{"line":258,"column":8},"end":{"line":286,"column":9},"skip":true},"57":{"start":{"line":259,"column":12},"end":{"line":269,"column":14},"skip":true},"58":{"start":{"line":271,"column":12},"end":{"line":285,"column":19},"skip":true},"59":{"start":{"line":274,"column":20},"end":{"line":274,"column":35},"skip":true},"60":{"start":{"line":275,"column":20},"end":{"line":284,"column":21},"skip":true},"61":{"start":{"line":277,"column":24},"end":{"line":277,"column":64},"skip":true},"62":{"start":{"line":279,"column":24},"end":{"line":279,"column":40},"skip":true},"63":{"start":{"line":281,"column":24},"end":{"line":281,"column":40},"skip":true},"64":{"start":{"line":283,"column":24},"end":{"line":283,"column":39},"skip":true},"65":{"start":{"line":288,"column":8},"end":{"line":290,"column":9},"skip":true},"66":{"start":{"line":289,"column":12},"end":{"line":289,"column":18},"skip":true},"67":{"start":{"line":291,"column":8},"end":{"line":293,"column":54},"skip":true},"68":{"start":{"line":296,"column":8},"end":{"line":301,"column":37},"skip":true},"69":{"start":{"line":303,"column":8},"end":{"line":303,"column":82},"skip":true},"70":{"start":{"line":306,"column":8},"end":{"line":308,"column":9},"skip":true},"71":{"start":{"line":307,"column":12},"end":{"line":307,"column":82},"skip":true},"72":{"start":{"line":310,"column":8},"end":{"line":312,"column":9},"skip":true},"73":{"start":{"line":311,"column":12},"end":{"line":311,"column":18},"skip":true},"74":{"start":{"line":313,"column":8},"end":{"line":313,"column":54},"skip":true},"75":{"start":{"line":314,"column":8},"end":{"line":314,"column":69},"skip":true},"76":{"start":{"line":315,"column":8},"end":{"line":323,"column":36},"skip":true},"77":{"start":{"line":316,"column":12},"end":{"line":316,"column":61},"skip":true},"78":{"start":{"line":317,"column":12},"end":{"line":320,"column":13},"skip":true},"79":{"start":{"line":318,"column":16},"end":{"line":318,"column":75},"skip":true},"80":{"start":{"line":319,"column":16},"end":{"line":319,"column":23},"skip":true},"81":{"start":{"line":321,"column":12},"end":{"line":321,"column":38},"skip":true},"82":{"start":{"line":322,"column":12},"end":{"line":322,"column":27},"skip":true},"83":{"start":{"line":324,"column":8},"end":{"line":324,"column":14},"skip":true}},"branchMap":{"1":{"line":39,"type":"binary-expr","locations":[{"start":{"line":39,"column":23},"end":{"line":39,"column":62}},{"start":{"line":40,"column":20},"end":{"line":40,"column":70}},{"start":{"line":41,"column":20},"end":{"line":41,"column":71}},{"start":{"line":42,"column":20},"end":{"line":42,"column":29}}]},"2":{"line":44,"type":"binary-expr","locations":[{"start":{"line":44,"column":23},"end":{"line":44,"column":37}},{"start":{"line":45,"column":20},"end":{"line":45,"column":61}},{"start":{"line":46,"column":20},"end":{"line":46,"column":70}},{"start":{"line":47,"column":20},"end":{"line":47,"column":26}}]},"3":{"line":51,"type":"cond-expr","locations":[{"start":{"line":52,"column":14},"end":{"line":52,"column":20}},{"start":{"line":53,"column":14},"end":{"line":53,"column":20}}]},"4":{"line":55,"type":"binary-expr","locations":[{"start":{"line":55,"column":16},"end":{"line":55,"column":44}},{"start":{"line":55,"column":49},"end":{"line":57,"column":43}}]},"5":{"line":55,"type":"cond-expr","locations":[{"start":{"line":56,"column":14},"end":{"line":56,"column":60}},{"start":{"line":57,"column":14},"end":{"line":57,"column":43}}]},"6":{"line":61,"type":"switch","locations":[{"start":{"line":68,"column":4},"end":{"line":150,"column":14},"skip":true},{"start":{"line":156,"column":4},"end":{"line":324,"column":14},"skip":true}]},"7":{"line":70,"type":"if","locations":[{"start":{"line":70,"column":12},"end":{"line":70,"column":12},"skip":true},{"start":{"line":70,"column":12},"end":{"line":70,"column":12},"skip":true}]},"8":{"line":70,"type":"binary-expr","locations":[{"start":{"line":70,"column":16},"end":{"line":70,"column":22},"skip":true},{"start":{"line":70,"column":27},"end":{"line":70,"column":32},"skip":true},{"start":{"line":71,"column":20},"end":{"line":71,"column":39},"skip":true},{"start":{"line":72,"column":20},"end":{"line":72,"column":49},"skip":true},{"start":{"line":73,"column":20},"end":{"line":73,"column":58},"skip":true},{"start":{"line":74,"column":20},"end":{"line":74,"column":69},"skip":true}]},"9":{"line":79,"type":"switch","locations":[{"start":{"line":80,"column":20},"end":{"line":80,"column":33},"skip":true},{"start":{"line":81,"column":20},"end":{"line":83,"column":30},"skip":true},{"start":{"line":84,"column":20},"end":{"line":85,"column":49},"skip":true}]},"10":{"line":89,"type":"switch","locations":[{"start":{"line":90,"column":12},"end":{"line":103,"column":22},"skip":true},{"start":{"line":105,"column":12},"end":{"line":106,"column":22},"skip":true}]},"11":{"line":89,"type":"binary-expr","locations":[{"start":{"line":89,"column":20},"end":{"line":89,"column":25},"skip":true},{"start":{"line":89,"column":29},"end":{"line":89,"column":48},"skip":true},{"start":{"line":89,"column":52},"end":{"line":89,"column":74},"skip":true}]},"12":{"line":92,"type":"if","locations":[{"start":{"line":92,"column":16},"end":{"line":92,"column":16},"skip":true},{"start":{"line":92,"column":16},"end":{"line":92,"column":16},"skip":true}]},"13":{"line":108,"type":"if","locations":[{"start":{"line":108,"column":12},"end":{"line":108,"column":12},"skip":true},{"start":{"line":108,"column":12},"end":{"line":108,"column":12},"skip":true}]},"14":{"line":108,"type":"binary-expr","locations":[{"start":{"line":108,"column":16},"end":{"line":108,"column":61},"skip":true},{"start":{"line":108,"column":66},"end":{"line":108,"column":72},"skip":true},{"start":{"line":108,"column":77},"end":{"line":108,"column":82},"skip":true},{"start":{"line":109,"column":20},"end":{"line":109,"column":39},"skip":true},{"start":{"line":110,"column":20},"end":{"line":110,"column":49},"skip":true},{"start":{"line":111,"column":20},"end":{"line":111,"column":58},"skip":true},{"start":{"line":112,"column":20},"end":{"line":112,"column":68},"skip":true}]},"15":{"line":129,"type":"if","locations":[{"start":{"line":129,"column":16},"end":{"line":129,"column":16},"skip":true},{"start":{"line":129,"column":16},"end":{"line":129,"column":16},"skip":true}]},"16":{"line":134,"type":"cond-expr","locations":[{"start":{"line":135,"column":26},"end":{"line":135,"column":29},"skip":true},{"start":{"line":136,"column":26},"end":{"line":136,"column":54},"skip":true}]},"17":{"line":164,"type":"binary-expr","locations":[{"start":{"line":164,"column":27},"end":{"line":164,"column":43},"skip":true},{"start":{"line":164,"column":47},"end":{"line":164,"column":49},"skip":true}]},"18":{"line":258,"type":"if","locations":[{"start":{"line":258,"column":8},"end":{"line":258,"column":8},"skip":true},{"start":{"line":258,"column":8},"end":{"line":258,"column":8},"skip":true}]},"19":{"line":275,"type":"switch","locations":[{"start":{"line":276,"column":20},"end":{"line":277,"column":64},"skip":true},{"start":{"line":278,"column":20},"end":{"line":279,"column":40},"skip":true},{"start":{"line":280,"column":20},"end":{"line":281,"column":40},"skip":true},{"start":{"line":282,"column":20},"end":{"line":283,"column":39},"skip":true}]},"20":{"line":288,"type":"if","locations":[{"start":{"line":288,"column":8},"end":{"line":288,"column":8},"skip":true},{"start":{"line":288,"column":8},"end":{"line":288,"column":8},"skip":true}]},"21":{"line":288,"type":"binary-expr","locations":[{"start":{"line":288,"column":12},"end":{"line":288,"column":40},"skip":true},{"start":{"line":288,"column":44},"end":{"line":288,"column":67},"skip":true}]},"22":{"line":292,"type":"binary-expr","locations":[{"start":{"line":292,"column":12},"end":{"line":292,"column":50},"skip":true},{"start":{"line":293,"column":12},"end":{"line":293,"column":53},"skip":true}]},"23":{"line":297,"type":"binary-expr","locations":[{"start":{"line":297,"column":12},"end":{"line":297,"column":74},"skip":true},{"start":{"line":298,"column":12},"end":{"line":301,"column":36},"skip":true}]},"24":{"line":303,"type":"binary-expr","locations":[{"start":{"line":303,"column":43},"end":{"line":303,"column":75},"skip":true},{"start":{"line":303,"column":79},"end":{"line":303,"column":81},"skip":true}]},"25":{"line":306,"type":"if","locations":[{"start":{"line":306,"column":8},"end":{"line":306,"column":8},"skip":true},{"start":{"line":306,"column":8},"end":{"line":306,"column":8},"skip":true}]},"26":{"line":310,"type":"if","locations":[{"start":{"line":310,"column":8},"end":{"line":310,"column":8},"skip":true},{"start":{"line":310,"column":8},"end":{"line":310,"column":8},"skip":true}]},"27":{"line":313,"type":"binary-expr","locations":[{"start":{"line":313,"column":27},"end":{"line":313,"column":43},"skip":true},{"start":{"line":313,"column":47},"end":{"line":313,"column":53},"skip":true}]},"28":{"line":317,"type":"if","locations":[{"start":{"line":317,"column":12},"end":{"line":317,"column":12},"skip":true},{"start":{"line":317,"column":12},"end":{"line":317,"column":12},"skip":true}]}},"code":["/*","example.js","","quickstart example","","instruction","    1. save this script as example.js","    2. run the shell command:","        $ npm install npmtest-electron-rebuild && PORT=8081 node example.js","    3. play with the browser-demo on http://127.0.0.1:8081","*/","","","","/* istanbul instrument in package npmtest_electron_rebuild */","/*jslint","    bitwise: true,","    browser: true,","    maxerr: 8,","    maxlen: 96,","    node: true,","    nomen: true,","    regexp: true,","    stupid: true","*/","(function () {","    'use strict';","    var local;","","","","    // run shared js-env code - pre-init","    (function () {","        // init local","        local = {};","        // init modeJs","        local.modeJs = (function () {","            try {","                return typeof navigator.userAgent === 'string' &&","                    typeof document.querySelector('body') === 'object' &&","                    typeof XMLHttpRequest.prototype.open === 'function' &&","                    'browser';","            } catch (errorCaughtBrowser) {","                return module.exports &&","                    typeof process.versions.node === 'string' &&","                    typeof require('http').createServer === 'function' &&","                    'node';","            }","        }());","        // init global","        local.global = local.modeJs === 'browser'","            ? window","            : global;","        // init utility2_rollup","        local = local.global.utility2_rollup || (local.modeJs === 'browser'","            ? local.global.utility2_npmtest_electron_rebuild","            : global.utility2_moduleExports);","        // export local","        local.global.local = local;","    }());","    switch (local.modeJs) {","","","","    // post-init","    // run browser js-env code - post-init","    /* istanbul ignore next */","    case 'browser':","        local.testRunBrowser = function (event) {","            if (!event || (event &&","                    event.currentTarget &&","                    event.currentTarget.className &&","                    event.currentTarget.className.includes &&","                    event.currentTarget.className.includes('onreset'))) {","                // reset output","                Array.from(","                    document.querySelectorAll('body > .resettable')","                ).forEach(function (element) {","                    switch (element.tagName) {","                    case 'INPUT':","                    case 'TEXTAREA':","                        element.value = '';","                        break;","                    default:","                        element.textContent = '';","                    }","                });","            }","            switch (event && event.currentTarget && event.currentTarget.id) {","            case 'testRunButton1':","                // show tests","                if (document.querySelector('#testReportDiv1').style.display === 'none') {","                    document.querySelector('#testReportDiv1').style.display = 'block';","                    document.querySelector('#testRunButton1').textContent =","                        'hide internal test';","                    local.modeTest = true;","                    local.testRunDefault(local);","                // hide tests","                } else {","                    document.querySelector('#testReportDiv1').style.display = 'none';","                    document.querySelector('#testRunButton1').textContent = 'run internal test';","                }","                break;","            // custom-case","            default:","                break;","            }","            if (document.querySelector('#inputTextareaEval1') && (!event || (event &&","                    event.currentTarget &&","                    event.currentTarget.className &&","                    event.currentTarget.className.includes &&","                    event.currentTarget.className.includes('oneval')))) {","                // try to eval input-code","                try {","                    /*jslint evil: true*/","                    eval(document.querySelector('#inputTextareaEval1').value);","                } catch (errorCaught) {","                    console.error(errorCaught);","                }","            }","        };","        // log stderr and stdout to #outputTextareaStdout1","        ['error', 'log'].forEach(function (key) {","            console[key + '_original'] = console[key];","            console[key] = function () {","                var element;","                console[key + '_original'].apply(console, arguments);","                element = document.querySelector('#outputTextareaStdout1');","                if (!element) {","                    return;","                }","                // append text to #outputTextareaStdout1","                element.value += Array.from(arguments).map(function (arg) {","                    return typeof arg === 'string'","                        ? arg","                        : JSON.stringify(arg, null, 4);","                }).join(' ') + '\\n';","                // scroll textarea to bottom","                element.scrollTop = element.scrollHeight;","            };","        });","        // init event-handling","        ['change', 'click', 'keyup'].forEach(function (event) {","            Array.from(document.querySelectorAll('.on' + event)).forEach(function (element) {","                element.addEventListener(event, local.testRunBrowser);","            });","        });","        // run tests","        local.testRunBrowser();","        break;","","","","    // run node js-env code - post-init","    /* istanbul ignore next */","    case 'node':","        // export local","        module.exports = local;","        // require modules","        local.fs = require('fs');","        local.http = require('http');","        local.url = require('url');","        // init assets","        local.assetsDict = local.assetsDict || {};","        /* jslint-ignore-begin */","        local.assetsDict['/assets.index.template.html'] = '\\","<!doctype html>\\n\\","<html lang=\"en\">\\n\\","<head>\\n\\","<meta charset=\"UTF-8\">\\n\\","<meta name=\"viewport\" content=\"width=device-width, initial-scale=1\">\\n\\","<title>{{env.npm_package_name}} (v{{env.npm_package_version}})</title>\\n\\","<style>\\n\\","/*csslint\\n\\","    box-sizing: false,\\n\\","    universal-selector: false\\n\\","*/\\n\\","* {\\n\\","    box-sizing: border-box;\\n\\","}\\n\\","body {\\n\\","    background: #dde;\\n\\","    font-family: Arial, Helvetica, sans-serif;\\n\\","    margin: 2rem;\\n\\","}\\n\\","body > * {\\n\\","    margin-bottom: 1rem;\\n\\","}\\n\\",".utility2FooterDiv {\\n\\","    margin-top: 20px;\\n\\","    text-align: center;\\n\\","}\\n\\","</style>\\n\\","<style>\\n\\","/*csslint\\n\\","*/\\n\\","textarea {\\n\\","    font-family: monospace;\\n\\","    height: 10rem;\\n\\","    width: 100%;\\n\\","}\\n\\","textarea[readonly] {\\n\\","    background: #ddd;\\n\\","}\\n\\","</style>\\n\\","</head>\\n\\","<body>\\n\\","<!-- utility2-comment\\n\\","<div id=\"ajaxProgressDiv1\" style=\"background: #d00; height: 2px; left: 0; margin: 0; padding: 0; position: fixed; top: 0; transition: background 0.5s, width 1.5s; width: 25%;\"></div>\\n\\","utility2-comment -->\\n\\","<h1>\\n\\","<!-- utility2-comment\\n\\","    <a\\n\\","        {{#if env.npm_package_homepage}}\\n\\","        href=\"{{env.npm_package_homepage}}\"\\n\\","        {{/if env.npm_package_homepage}}\\n\\","        target=\"_blank\"\\n\\","    >\\n\\","utility2-comment -->\\n\\","        {{env.npm_package_name}} (v{{env.npm_package_version}})\\n\\","<!-- utility2-comment\\n\\","    </a>\\n\\","utility2-comment -->\\n\\","</h1>\\n\\","<h3>{{env.npm_package_description}}</h3>\\n\\","<!-- utility2-comment\\n\\","<h4><a download href=\"assets.app.js\">download standalone app</a></h4>\\n\\","<button class=\"onclick onreset\" id=\"testRunButton1\">run internal test</button><br>\\n\\","<div id=\"testReportDiv1\" style=\"display: none;\"></div>\\n\\","utility2-comment -->\\n\\","\\n\\","\\n\\","\\n\\","<label>stderr and stdout</label>\\n\\","<textarea class=\"resettable\" id=\"outputTextareaStdout1\" readonly></textarea>\\n\\","<!-- utility2-comment\\n\\","{{#if isRollup}}\\n\\","<script src=\"assets.app.js\"></script>\\n\\","{{#unless isRollup}}\\n\\","utility2-comment -->\\n\\","<script src=\"assets.utility2.rollup.js\"></script>\\n\\","<script src=\"jsonp.utility2._stateInit?callback=window.utility2._stateInit\"></script>\\n\\","<script src=\"assets.npmtest_electron_rebuild.rollup.js\"></script>\\n\\","<script src=\"assets.example.js\"></script>\\n\\","<script src=\"assets.test.js\"></script>\\n\\","<!-- utility2-comment\\n\\","{{/if isRollup}}\\n\\","utility2-comment -->\\n\\","<div class=\"utility2FooterDiv\">\\n\\","    [ this app was created with\\n\\","    <a href=\"https://github.com/kaizhu256/node-utility2\" target=\"_blank\">utility2</a>\\n\\","    ]\\n\\","</div>\\n\\","</body>\\n\\","</html>\\n\\","';","        /* jslint-ignore-end */","        if (local.templateRender) {","            local.assetsDict['/'] = local.templateRender(","                local.assetsDict['/assets.index.template.html'],","                {","                    env: local.objectSetDefault(local.env, {","                        npm_package_description: 'the greatest app in the world!',","                        npm_package_name: 'my-app',","                        npm_package_nameAlias: 'my_app',","                        npm_package_version: '0.0.1'","                    })","                }","            );","        } else {","            local.assetsDict['/'] = local.assetsDict['/assets.index.template.html']","                .replace((/\\{\\{env\\.(\\w+?)\\}\\}/g), function (match0, match1) {","                    // jslint-hack","                    String(match0);","                    switch (match1) {","                    case 'npm_package_description':","                        return 'the greatest app in the world!';","                    case 'npm_package_name':","                        return 'my-app';","                    case 'npm_package_nameAlias':","                        return 'my_app';","                    case 'npm_package_version':","                        return '0.0.1';","                    }","                });","        }","        // run the cli","        if (local.global.utility2_rollup || module !== require.main) {","            break;","        }","        local.assetsDict['/assets.example.js'] =","            local.assetsDict['/assets.example.js'] ||","            local.fs.readFileSync(__filename, 'utf8');","        // bug-workaround - long $npm_package_buildCustomOrg","        /* jslint-ignore-begin */","        local.assetsDict['/assets.npmtest_electron_rebuild.rollup.js'] =","            local.assetsDict['/assets.npmtest_electron_rebuild.rollup.js'] ||","            local.fs.readFileSync(","                local.npmtest_electron_rebuild.__dirname + '/lib.npmtest_electron_rebuild.js',","                'utf8'","            ).replace((/^#!/), '//');","        /* jslint-ignore-end */","        local.assetsDict['/favicon.ico'] = local.assetsDict['/favicon.ico'] || '';","        // if $npm_config_timeout_exit exists,","        // then exit this process after $npm_config_timeout_exit ms","        if (Number(process.env.npm_config_timeout_exit)) {","            setTimeout(process.exit, Number(process.env.npm_config_timeout_exit));","        }","        // start server","        if (local.global.utility2_serverHttp1) {","            break;","        }","        process.env.PORT = process.env.PORT || '8081';","        console.error('server starting on port ' + process.env.PORT);","        local.http.createServer(function (request, response) {","            request.urlParsed = local.url.parse(request.url);","            if (local.assetsDict[request.urlParsed.pathname] !== undefined) {","                response.end(local.assetsDict[request.urlParsed.pathname]);","                return;","            }","            response.statusCode = 404;","            response.end();","        }).listen(process.env.PORT);","        break;","    }","}());",""],"l":{"26":2,"28":2,"33":2,"35":2,"37":2,"38":2,"39":2,"44":1,"51":2,"55":2,"59":2,"61":2,"69":1,"70":2,"76":2,"79":2,"82":2,"83":2,"85":1,"89":2,"92":1,"93":1,"94":1,"96":1,"97":1,"100":1,"101":1,"103":1,"106":1,"108":2,"114":1,"116":1,"118":1,"123":1,"124":2,"125":2,"126":3,"127":3,"128":3,"129":3,"130":1,"133":3,"134":3,"139":3,"143":1,"144":3,"145":1,"149":1,"150":1,"158":1,"160":1,"161":1,"162":1,"164":1,"166":1,"258":1,"259":1,"271":1,"274":6,"275":6,"277":1,"279":2,"281":1,"283":2,"288":1,"289":1,"291":1,"296":1,"303":1,"306":1,"307":1,"310":1,"311":1,"313":1,"314":1,"315":1,"316":1,"317":1,"318":1,"319":1,"321":1,"322":1,"324":1}},"/home/travis/build/npmtest/node-npmtest-electron-rebuild/node_modules/electron-rebuild/lib/main.js":{"path":"/home/travis/build/npmtest/node-npmtest-electron-rebuild/node_modules/electron-rebuild/lib/main.js","s":{"1":1,"2":1,"3":1,"4":1,"5":1,"6":1,"7":2,"8":1,"9":2,"10":1,"11":3,"12":1,"13":0,"14":1,"15":0,"16":1,"17":0},"b":{"1":[3,0],"2":[3,3]},"f":{"1":2,"2":2,"3":3,"4":0,"5":0,"6":0},"fnMap":{"1":{"name":"get","line":16,"loc":{"start":{"line":16,"column":7},"end":{"line":16,"column":22}}},"2":{"name":"get","line":22,"loc":{"start":{"line":22,"column":7},"end":{"line":22,"column":22}}},"3":{"name":"_interopRequireDefault","line":27,"loc":{"start":{"line":27,"column":0},"end":{"line":27,"column":37}}},"4":{"name":"installNodeHeaders","line":29,"loc":{"start":{"line":29,"column":54},"end":{"line":29,"column":84}}},"5":{"name":"shouldRebuildNativeModules","line":32,"loc":{"start":{"line":32,"column":70},"end":{"line":32,"column":108}}},"6":{"name":"preGypFixRun","line":35,"loc":{"start":{"line":35,"column":42},"end":{"line":35,"column":66}}}},"statementMap":{"1":{"start":{"line":3,"column":0},"end":{"line":5,"column":3}},"2":{"start":{"line":6,"column":0},"end":{"line":6,"column":148}},"3":{"start":{"line":8,"column":0},"end":{"line":8,"column":56}},"4":{"start":{"line":10,"column":0},"end":{"line":10,"column":49}},"5":{"start":{"line":12,"column":0},"end":{"line":12,"column":36}},"6":{"start":{"line":14,"column":0},"end":{"line":19,"column":3}},"7":{"start":{"line":17,"column":4},"end":{"line":17,"column":52}},"8":{"start":{"line":20,"column":0},"end":{"line":25,"column":3}},"9":{"start":{"line":23,"column":4},"end":{"line":23,"column":41}},"10":{"start":{"line":27,"column":0},"end":{"line":27,"column":95}},"11":{"start":{"line":27,"column":39},"end":{"line":27,"column":93}},"12":{"start":{"line":29,"column":0},"end":{"line":31,"column":2}},"13":{"start":{"line":30,"column":2},"end":{"line":30,"column":37}},"14":{"start":{"line":32,"column":0},"end":{"line":34,"column":2}},"15":{"start":{"line":33,"column":2},"end":{"line":33,"column":41}},"16":{"start":{"line":35,"column":0},"end":{"line":37,"column":2}},"17":{"start":{"line":36,"column":2},"end":{"line":36,"column":37}}},"branchMap":{"1":{"line":27,"type":"cond-expr","locations":[{"start":{"line":27,"column":70},"end":{"line":27,"column":73}},{"start":{"line":27,"column":76},"end":{"line":27,"column":92}}]},"2":{"line":27,"type":"binary-expr","locations":[{"start":{"line":27,"column":46},"end":{"line":27,"column":49}},{"start":{"line":27,"column":53},"end":{"line":27,"column":67}}]}},"code":["'use strict';","","Object.defineProperty(exports, \"__esModule\", {","  value: true","});","exports.preGypFixRun = exports.shouldRebuildNativeModules = exports.installNodeHeaders = exports.rebuildNativeModules = exports.default = undefined;","","var _promise = require('babel-runtime/core-js/promise');","","var _promise2 = _interopRequireDefault(_promise);","","var _rebuild = require('./rebuild');","","Object.defineProperty(exports, 'default', {","  enumerable: true,","  get: function get() {","    return _interopRequireDefault(_rebuild).default;","  }","});","Object.defineProperty(exports, 'rebuildNativeModules', {","  enumerable: true,","  get: function get() {","    return _rebuild.rebuildNativeModules;","  }","});","","function _interopRequireDefault(obj) { return obj && obj.__esModule ? obj : { default: obj }; }","","var installNodeHeaders = exports.installNodeHeaders = function installNodeHeaders() {","  return _promise2.default.resolve();","};","var shouldRebuildNativeModules = exports.shouldRebuildNativeModules = function shouldRebuildNativeModules() {","  return _promise2.default.resolve(true);","};","var preGypFixRun = exports.preGypFixRun = function preGypFixRun() {","  return _promise2.default.resolve();","};"],"l":{"3":1,"6":1,"8":1,"10":1,"12":1,"14":1,"17":2,"20":1,"23":2,"27":3,"29":1,"30":0,"32":1,"33":0,"35":1,"36":0}},"/home/travis/build/npmtest/node-npmtest-electron-rebuild/node_modules/electron-rebuild/lib/rebuild.js":{"path":"/home/travis/build/npmtest/node-npmtest-electron-rebuild/node_modules/electron-rebuild/lib/rebuild.js","s":{"1":1,"2":1,"3":1,"4":1,"5":1,"6":1,"7":1,"8":1,"9":1,"10":1,"11":1,"12":1,"13":1,"14":1,"15":1,"16":1,"17":1,"18":1,"19":1,"20":1,"21":1,"22":1,"23":1,"24":1,"25":1,"26":1,"27":1,"28":1,"29":1,"30":1,"31":1,"32":1,"33":1,"34":14,"35":1,"36":1,"37":1,"38":1,"39":0,"40":0,"41":0,"42":0,"43":0,"44":0,"45":0,"46":0,"47":0,"48":0,"49":0,"50":0,"51":0,"52":0,"53":0,"54":0,"55":0,"56":0,"57":0,"58":0,"59":0,"60":0,"61":1,"62":0,"63":1,"64":1,"65":0,"66":0,"67":0,"68":0,"69":0,"70":0,"71":0,"72":0,"73":0,"74":0,"75":0,"76":0,"77":0,"78":0,"79":0,"80":0,"81":0,"82":0,"83":0,"84":0,"85":0,"86":0,"87":0,"88":0,"89":0,"90":0,"91":0,"92":0,"93":0,"94":0,"95":0,"96":0,"97":0,"98":0,"99":0,"100":0,"101":0,"102":0,"103":0,"104":0,"105":0,"106":0,"107":0,"108":0,"109":0,"110":0,"111":0,"112":0,"113":0,"114":0,"115":0,"116":0,"117":0,"118":0,"119":0,"120":0,"121":0,"122":0,"123":0,"124":0,"125":0,"126":0,"127":0,"128":0,"129":0,"130":0,"131":0,"132":0,"133":0,"134":0,"135":0,"136":0,"137":0,"138":0,"139":0,"140":0,"141":0,"142":0,"143":0,"144":0,"145":0,"146":0,"147":0,"148":0,"149":0,"150":0,"151":0,"152":0,"153":0,"154":0,"155":0,"156":0,"157":0,"158":0,"159":0,"160":0,"161":0,"162":0,"163":0,"164":0,"165":0,"166":0,"167":0,"168":0,"169":0,"170":0,"171":0,"172":0,"173":0,"174":0,"175":0,"176":0,"177":0,"178":0,"179":0,"180":0,"181":0,"182":0,"183":0,"184":0,"185":0,"186":0,"187":0,"188":0,"189":0,"190":0,"191":0,"192":0,"193":0,"194":0,"195":0,"196":0,"197":0,"198":0,"199":0,"200":0,"201":0,"202":0,"203":0,"204":0,"205":0,"206":0,"207":0,"208":0,"209":0,"210":0,"211":0,"212":0,"213":0,"214":0,"215":0,"216":0,"217":0,"218":0,"219":0,"220":0,"221":0,"222":0,"223":0,"224":0,"225":0,"226":0,"227":0,"228":0,"229":0,"230":0,"231":0,"232":0,"233":0,"234":0,"235":0,"236":0,"237":0,"238":0,"239":0,"240":0,"241":0,"242":0,"243":0,"244":0,"245":0,"246":0,"247":0,"248":0,"249":0,"250":0,"251":0,"252":0,"253":0,"254":0,"255":0,"256":0,"257":0,"258":0,"259":0,"260":0,"261":0,"262":0,"263":0,"264":0,"265":0,"266":0,"267":0,"268":0,"269":0,"270":0,"271":0,"272":0,"273":0,"274":0,"275":0,"276":0,"277":0,"278":0,"279":0,"280":0,"281":0,"282":0,"283":0,"284":0,"285":0,"286":0,"287":0,"288":0,"289":0,"290":0,"291":0,"292":0,"293":0,"294":0,"295":0,"296":0,"297":0,"298":0,"299":0,"300":0,"301":0,"302":0,"303":0,"304":0,"305":0,"306":0,"307":0,"308":0,"309":0,"310":0,"311":0,"312":0,"313":0,"314":0,"315":0,"316":0,"317":0,"318":0,"319":0,"320":0,"321":0,"322":0,"323":0,"324":0,"325":0,"326":0,"327":1,"328":0,"329":1,"330":0,"331":0,"332":0,"333":0,"334":0,"335":0,"336":0,"337":1,"338":0,"339":0,"340":0,"341":0,"342":0,"343":0,"344":0,"345":0,"346":0,"347":0,"348":0,"349":0,"350":1},"b":{"1":[7,7],"2":[14,14],"3":[0,1],"4":[0,0,0,0,0,0,0,0],"5":[0,0],"6":[0,0],"7":[0,0],"8":[0,0],"9":[0,0],"10":[0,0],"11":[0,0],"12":[0,0],"13":[0,0],"14":[0,0],"15":[0,0],"16":[0,0],"17":[0,0],"18":[0,0],"19":[0,0],"20":[0,0,0,0,0,0,0,0,0,0,0,0,0,0,0,0,0,0],"21":[0,0],"22":[0,0],"23":[0,0],"24":[0,0],"25":[0,0,0,0,0],"26":[0,0],"27":[0,0,0,0,0,0,0,0,0,0,0,0,0,0,0,0],"28":[0,0],"29":[0,0],"30":[0,0],"31":[0,0],"32":[0,0],"33":[0,0],"34":[0,0],"35":[0,0],"36":[0,0],"37":[0,0],"38":[0,0],"39":[0,0],"40":[0,0],"41":[0,0],"42":[0,0],"43":[0,0],"44":[0,0],"45":[0,0,0,0,0,0,0],"46":[0,0],"47":[0,0],"48":[0,0,0,0,0,0],"49":[0,0],"50":[0,0],"51":[0,0],"52":[0,0],"53":[0,0],"54":[0,0],"55":[0,0],"56":[0,0],"57":[0,0],"58":[0,0],"59":[0,0],"60":[0,0],"61":[0,0],"62":[0,0],"63":[0,0],"64":[0,0],"65":[0,0],"66":[0,0],"67":[0,0],"68":[0,0],"69":[0,0],"70":[0,0],"71":[0,0],"72":[0,0],"73":[0,0],"74":[0,0],"75":[0,0],"76":[0,0]},"f":{"1":14,"2":1,"3":0,"4":0,"5":0,"6":1,"7":0,"8":0,"9":0,"10":0,"11":0,"12":0,"13":0,"14":0,"15":0,"16":0,"17":0,"18":0,"19":0,"20":0,"21":0,"22":0,"23":0,"24":0,"25":0,"26":0,"27":0,"28":0,"29":0,"30":0,"31":0,"32":0,"33":0,"34":0,"35":0},"fnMap":{"1":{"name":"_interopRequireDefault","line":68,"loc":{"start":{"line":68,"column":0},"end":{"line":68,"column":37}}},"2":{"name":"(anonymous_2)","line":74,"loc":{"start":{"line":74,"column":20},"end":{"line":74,"column":32}}},"3":{"name":"_callee","line":75,"loc":{"start":{"line":75,"column":65},"end":{"line":75,"column":84}}},"4":{"name":"_callee$","line":77,"loc":{"start":{"line":77,"column":38},"end":{"line":77,"column":66}}},"5":{"name":"locateNodeGyp","line":121,"loc":{"start":{"line":121,"column":9},"end":{"line":121,"column":34}}},"6":{"name":"(anonymous_6)","line":126,"loc":{"start":{"line":126,"column":15},"end":{"line":126,"column":27}}},"7":{"name":"_callee6","line":127,"loc":{"start":{"line":127,"column":66},"end":{"line":127,"column":123}}},"8":{"name":"_callee6$","line":137,"loc":{"start":{"line":137,"column":38},"end":{"line":137,"column":68}}},"9":{"name":"(anonymous_9)","line":168,"loc":{"start":{"line":168,"column":41},"end":{"line":168,"column":63}}},"10":{"name":"(anonymous_10)","line":175,"loc":{"start":{"line":175,"column":30},"end":{"line":175,"column":42}}},"11":{"name":"_callee3","line":176,"loc":{"start":{"line":176,"column":78},"end":{"line":176,"column":108}}},"12":{"name":"_callee3$","line":179,"loc":{"start":{"line":179,"column":50},"end":{"line":179,"column":80}}},"13":{"name":"_callee2","line":192,"loc":{"start":{"line":192,"column":82},"end":{"line":192,"column":102}}},"14":{"name":"_callee2$","line":194,"loc":{"start":{"line":194,"column":60},"end":{"line":194,"column":90}}},"15":{"name":"(anonymous_15)","line":247,"loc":{"start":{"line":247,"column":94},"end":{"line":247,"column":115}}},"16":{"name":"(anonymous_16)","line":253,"loc":{"start":{"line":253,"column":90},"end":{"line":253,"column":118}}},"17":{"name":"(anonymous_17)","line":301,"loc":{"start":{"line":301,"column":49},"end":{"line":301,"column":65}}},"18":{"name":"rebuildModuleAt","line":355,"loc":{"start":{"line":355,"column":21},"end":{"line":355,"column":52}}},"19":{"name":"rebuildAllModulesIn","line":360,"loc":{"start":{"line":360,"column":34},"end":{"line":360,"column":80}}},"20":{"name":"_loop","line":369,"loc":{"start":{"line":369,"column":28},"end":{"line":369,"column":45}}},"21":{"name":"(anonymous_21)","line":373,"loc":{"start":{"line":373,"column":34},"end":{"line":373,"column":46}}},"22":{"name":"(anonymous_22)","line":404,"loc":{"start":{"line":404,"column":25},"end":{"line":404,"column":37}}},"23":{"name":"_callee4","line":405,"loc":{"start":{"line":405,"column":78},"end":{"line":405,"column":126}}},"24":{"name":"_callee4$","line":407,"loc":{"start":{"line":407,"column":50},"end":{"line":407,"column":80}}},"25":{"name":"findModule","line":449,"loc":{"start":{"line":449,"column":21},"end":{"line":449,"column":59}}},"26":{"name":"(anonymous_26)","line":454,"loc":{"start":{"line":454,"column":37},"end":{"line":454,"column":49}}},"27":{"name":"_callee5","line":455,"loc":{"start":{"line":455,"column":78},"end":{"line":455,"column":108}}},"28":{"name":"_callee5$","line":457,"loc":{"start":{"line":457,"column":50},"end":{"line":457,"column":80}}},"29":{"name":"(anonymous_29)","line":482,"loc":{"start":{"line":482,"column":162},"end":{"line":482,"column":177}}},"30":{"name":"markChildrenAsProdDeps","line":498,"loc":{"start":{"line":498,"column":21},"end":{"line":498,"column":59}}},"31":{"name":"(anonymous_31)","line":520,"loc":{"start":{"line":520,"column":28},"end":{"line":520,"column":43}}},"32":{"name":"(anonymous_32)","line":540,"loc":{"start":{"line":540,"column":54},"end":{"line":540,"column":68}}},"33":{"name":"_rebuild","line":612,"loc":{"start":{"line":612,"column":9},"end":{"line":612,"column":41}}},"34":{"name":"rebuild","line":617,"loc":{"start":{"line":617,"column":14},"end":{"line":617,"column":33}}},"35":{"name":"rebuildNativeModules","line":629,"loc":{"start":{"line":629,"column":58},"end":{"line":629,"column":117}}}},"statementMap":{"1":{"start":{"line":3,"column":0},"end":{"line":5,"column":3}},"2":{"start":{"line":6,"column":0},"end":{"line":6,"column":41}},"3":{"start":{"line":8,"column":0},"end":{"line":8,"column":77}},"4":{"start":{"line":10,"column":0},"end":{"line":10,"column":70}},"5":{"start":{"line":12,"column":0},"end":{"line":12,"column":56}},"6":{"start":{"line":14,"column":0},"end":{"line":14,"column":49}},"7":{"start":{"line":16,"column":0},"end":{"line":16,"column":66}},"8":{"start":{"line":18,"column":0},"end":{"line":18,"column":58}},"9":{"start":{"line":20,"column":0},"end":{"line":20,"column":55}},"10":{"start":{"line":22,"column":0},"end":{"line":22,"column":48}},"11":{"start":{"line":24,"column":0},"end":{"line":24,"column":61}},"12":{"start":{"line":26,"column":0},"end":{"line":26,"column":47}},"13":{"start":{"line":28,"column":0},"end":{"line":28,"column":57}},"14":{"start":{"line":30,"column":0},"end":{"line":30,"column":43}},"15":{"start":{"line":32,"column":0},"end":{"line":32,"column":56}},"16":{"start":{"line":34,"column":0},"end":{"line":34,"column":57}},"17":{"start":{"line":36,"column":0},"end":{"line":36,"column":36}},"18":{"start":{"line":38,"column":0},"end":{"line":38,"column":35}},"19":{"start":{"line":40,"column":0},"end":{"line":40,"column":30}},"20":{"start":{"line":42,"column":0},"end":{"line":42,"column":45}},"21":{"start":{"line":44,"column":0},"end":{"line":44,"column":32}},"22":{"start":{"line":46,"column":0},"end":{"line":46,"column":47}},"23":{"start":{"line":48,"column":0},"end":{"line":48,"column":39}},"24":{"start":{"line":50,"column":0},"end":{"line":50,"column":53}},"25":{"start":{"line":52,"column":0},"end":{"line":52,"column":35}},"26":{"start":{"line":54,"column":0},"end":{"line":54,"column":49}},"27":{"start":{"line":56,"column":0},"end":{"line":56,"column":24}},"28":{"start":{"line":58,"column":0},"end":{"line":58,"column":39}},"29":{"start":{"line":60,"column":0},"end":{"line":60,"column":28}},"30":{"start":{"line":62,"column":0},"end":{"line":62,"column":43}},"31":{"start":{"line":64,"column":0},"end":{"line":64,"column":54}},"32":{"start":{"line":66,"column":0},"end":{"line":66,"column":65}},"33":{"start":{"line":68,"column":0},"end":{"line":68,"column":95}},"34":{"start":{"line":68,"column":39},"end":{"line":68,"column":93}},"35":{"start":{"line":70,"column":0},"end":{"line":70,"column":49}},"36":{"start":{"line":72,"column":0},"end":{"line":72,"column":75}},"37":{"start":{"line":74,"column":0},"end":{"line":124,"column":4}},"38":{"start":{"line":75,"column":2},"end":{"line":119,"column":6}},"39":{"start":{"line":76,"column":4},"end":{"line":76,"column":41}},"40":{"start":{"line":77,"column":4},"end":{"line":118,"column":27}},"41":{"start":{"line":78,"column":6},"end":{"line":117,"column":7}},"42":{"start":{"line":79,"column":8},"end":{"line":116,"column":9}},"43":{"start":{"line":81,"column":12},"end":{"line":81,"column":33}},"44":{"start":{"line":82,"column":12},"end":{"line":82,"column":22}},"45":{"start":{"line":85,"column":12},"end":{"line":88,"column":13}},"46":{"start":{"line":86,"column":14},"end":{"line":86,"column":33}},"47":{"start":{"line":87,"column":14},"end":{"line":87,"column":20}},"48":{"start":{"line":90,"column":12},"end":{"line":90,"column":140}},"49":{"start":{"line":91,"column":12},"end":{"line":91,"column":30}},"50":{"start":{"line":92,"column":12},"end":{"line":92,"column":63}},"51":{"start":{"line":95,"column":12},"end":{"line":98,"column":13}},"52":{"start":{"line":96,"column":14},"end":{"line":96,"column":32}},"53":{"start":{"line":97,"column":14},"end":{"line":97,"column":20}},"54":{"start":{"line":100,"column":12},"end":{"line":100,"column":62}},"55":{"start":{"line":103,"column":12},"end":{"line":103,"column":62}},"56":{"start":{"line":106,"column":12},"end":{"line":106,"column":20}},"57":{"start":{"line":107,"column":12},"end":{"line":107,"column":30}},"58":{"start":{"line":108,"column":12},"end":{"line":108,"column":18}},"59":{"start":{"line":111,"column":12},"end":{"line":111,"column":51}},"60":{"start":{"line":115,"column":12},"end":{"line":115,"column":35}},"61":{"start":{"line":121,"column":2},"end":{"line":123,"column":4}},"62":{"start":{"line":122,"column":4},"end":{"line":122,"column":39}},"63":{"start":{"line":126,"column":0},"end":{"line":615,"column":4}},"64":{"start":{"line":127,"column":2},"end":{"line":610,"column":6}},"65":{"start":{"line":128,"column":4},"end":{"line":128,"column":96}},"66":{"start":{"line":129,"column":4},"end":{"line":129,"column":94}},"67":{"start":{"line":130,"column":4},"end":{"line":130,"column":97}},"68":{"start":{"line":131,"column":4},"end":{"line":131,"column":124}},"69":{"start":{"line":132,"column":4},"end":{"line":132,"column":105}},"70":{"start":{"line":133,"column":4},"end":{"line":133,"column":95}},"71":{"start":{"line":135,"column":4},"end":{"line":135,"column":254}},"72":{"start":{"line":137,"column":4},"end":{"line":609,"column":63}},"73":{"start":{"line":138,"column":6},"end":{"line":608,"column":7}},"74":{"start":{"line":139,"column":8},"end":{"line":607,"column":9}},"75":{"start":{"line":141,"column":12},"end":{"line":144,"column":13}},"76":{"start":{"line":142,"column":14},"end":{"line":142,"column":33}},"77":{"start":{"line":143,"column":14},"end":{"line":143,"column":20}},"78":{"start":{"line":146,"column":12},"end":{"line":146,"column":73}},"79":{"start":{"line":149,"column":12},"end":{"line":149,"column":119}},"80":{"start":{"line":150,"column":12},"end":{"line":150,"column":26}},"81":{"start":{"line":151,"column":12},"end":{"line":151,"column":26}},"82":{"start":{"line":152,"column":12},"end":{"line":152,"column":72}},"83":{"start":{"line":153,"column":12},"end":{"line":153,"column":31}},"84":{"start":{"line":154,"column":12},"end":{"line":154,"column":35}},"85":{"start":{"line":157,"column":12},"end":{"line":157,"column":41}},"86":{"start":{"line":159,"column":12},"end":{"line":162,"column":13}},"87":{"start":{"line":160,"column":14},"end":{"line":160,"column":34}},"88":{"start":{"line":161,"column":14},"end":{"line":161,"column":20}},"89":{"start":{"line":164,"column":12},"end":{"line":164,"column":53}},"90":{"start":{"line":168,"column":12},"end":{"line":171,"column":15}},"91":{"start":{"line":169,"column":14},"end":{"line":169,"column":38}},"92":{"start":{"line":169,"column":31},"end":{"line":169,"column":38}},"93":{"start":{"line":170,"column":14},"end":{"line":170,"column":42}},"94":{"start":{"line":173,"column":12},"end":{"line":173,"column":36}},"95":{"start":{"line":175,"column":12},"end":{"line":358,"column":16}},"96":{"start":{"line":176,"column":14},"end":{"line":353,"column":18}},"97":{"start":{"line":177,"column":16},"end":{"line":177,"column":25}},"98":{"start":{"line":179,"column":16},"end":{"line":352,"column":40}},"99":{"start":{"line":180,"column":18},"end":{"line":351,"column":19}},"100":{"start":{"line":181,"column":20},"end":{"line":350,"column":21}},"101":{"start":{"line":183,"column":24},"end":{"line":183,"column":43}},"102":{"start":{"line":184,"column":24},"end":{"line":184,"column":109}},"103":{"start":{"line":187,"column":24},"end":{"line":190,"column":25}},"104":{"start":{"line":188,"column":26},"end":{"line":188,"column":45}},"105":{"start":{"line":189,"column":26},"end":{"line":189,"column":32}},"106":{"start":{"line":192,"column":24},"end":{"line":335,"column":39}},"107":{"start":{"line":193,"column":26},"end":{"line":193,"column":108}},"108":{"start":{"line":194,"column":26},"end":{"line":334,"column":50}},"109":{"start":{"line":195,"column":28},"end":{"line":333,"column":29}},"110":{"start":{"line":196,"column":30},"end":{"line":332,"column":31}},"111":{"start":{"line":198,"column":34},"end":{"line":198,"column":115}},"112":{"start":{"line":200,"column":34},"end":{"line":200,"column":102}},"113":{"start":{"line":201,"column":34},"end":{"line":201,"column":63}},"114":{"start":{"line":203,"column":34},"end":{"line":206,"column":35}},"115":{"start":{"line":204,"column":36},"end":{"line":204,"column":55}},"116":{"start":{"line":205,"column":36},"end":{"line":205,"column":42}},"117":{"start":{"line":208,"column":34},"end":{"line":208,"column":53}},"118":{"start":{"line":209,"column":34},"end":{"line":209,"column":78}},"119":{"start":{"line":212,"column":34},"end":{"line":212,"column":64}},"120":{"start":{"line":215,"column":34},"end":{"line":218,"column":35}},"121":{"start":{"line":216,"column":36},"end":{"line":216,"column":56}},"122":{"start":{"line":217,"column":36},"end":{"line":217,"column":42}},"123":{"start":{"line":220,"column":34},"end":{"line":220,"column":54}},"124":{"start":{"line":221,"column":34},"end":{"line":221,"column":88}},"125":{"start":{"line":224,"column":34},"end":{"line":224,"column":56}},"126":{"start":{"line":226,"column":34},"end":{"line":229,"column":35}},"127":{"start":{"line":227,"column":36},"end":{"line":227,"column":56}},"128":{"start":{"line":228,"column":36},"end":{"line":228,"column":42}},"129":{"start":{"line":231,"column":34},"end":{"line":231,"column":116}},"130":{"start":{"line":232,"column":34},"end":{"line":232,"column":64}},"131":{"start":{"line":233,"column":34},"end":{"line":233,"column":64}},"132":{"start":{"line":234,"column":34},"end":{"line":236,"column":37}},"133":{"start":{"line":239,"column":34},"end":{"line":239,"column":88}},"134":{"start":{"line":240,"column":34},"end":{"line":240,"column":159}},"135":{"start":{"line":241,"column":34},"end":{"line":241,"column":54}},"136":{"start":{"line":242,"column":34},"end":{"line":242,"column":84}},"137":{"start":{"line":245,"column":34},"end":{"line":245,"column":69}},"138":{"start":{"line":247,"column":34},"end":{"line":257,"column":37}},"139":{"start":{"line":248,"column":36},"end":{"line":248,"column":84}},"140":{"start":{"line":249,"column":36},"end":{"line":251,"column":37}},"141":{"start":{"line":250,"column":38},"end":{"line":250,"column":88}},"142":{"start":{"line":252,"column":36},"end":{"line":252,"column":287}},"143":{"start":{"line":253,"column":36},"end":{"line":255,"column":39}},"144":{"start":{"line":254,"column":38},"end":{"line":254,"column":134}},"145":{"start":{"line":256,"column":36},"end":{"line":256,"column":85}},"146":{"start":{"line":259,"column":34},"end":{"line":259,"column":113}},"147":{"start":{"line":260,"column":34},"end":{"line":260,"column":54}},"148":{"start":{"line":261,"column":34},"end":{"line":272,"column":37}},"149":{"start":{"line":276,"column":34},"end":{"line":276,"column":83}},"150":{"start":{"line":277,"column":34},"end":{"line":277,"column":54}},"151":{"start":{"line":278,"column":34},"end":{"line":278,"column":102}},"152":{"start":{"line":281,"column":34},"end":{"line":281,"column":54}},"153":{"start":{"line":282,"column":34},"end":{"line":282,"column":87}},"154":{"start":{"line":285,"column":34},"end":{"line":285,"column":83}},"155":{"start":{"line":287,"column":34},"end":{"line":287,"column":117}},"156":{"start":{"line":288,"column":34},"end":{"line":288,"column":51}},"157":{"start":{"line":289,"column":34},"end":{"line":289,"column":54}},"158":{"start":{"line":290,"column":34},"end":{"line":290,"column":122}},"159":{"start":{"line":293,"column":34},"end":{"line":293,"column":64}},"160":{"start":{"line":294,"column":34},"end":{"line":294,"column":83}},"161":{"start":{"line":295,"column":34},"end":{"line":295,"column":64}},"162":{"start":{"line":296,"column":34},"end":{"line":296,"column":60}},"163":{"start":{"line":297,"column":34},"end":{"line":297,"column":54}},"164":{"start":{"line":298,"column":34},"end":{"line":298,"column":122}},"165":{"start":{"line":301,"column":34},"end":{"line":303,"column":36}},"166":{"start":{"line":302,"column":36},"end":{"line":302,"column":86}},"167":{"start":{"line":305,"column":34},"end":{"line":305,"column":83}},"168":{"start":{"line":306,"column":34},"end":{"line":306,"column":130}},"169":{"start":{"line":307,"column":34},"end":{"line":307,"column":131}},"170":{"start":{"line":308,"column":34},"end":{"line":308,"column":54}},"171":{"start":{"line":309,"column":34},"end":{"line":309,"column":78}},"172":{"start":{"line":312,"column":34},"end":{"line":315,"column":35}},"173":{"start":{"line":313,"column":36},"end":{"line":313,"column":56}},"174":{"start":{"line":314,"column":36},"end":{"line":314,"column":42}},"175":{"start":{"line":317,"column":34},"end":{"line":317,"column":66}},"176":{"start":{"line":318,"column":34},"end":{"line":318,"column":75}},"177":{"start":{"line":319,"column":34},"end":{"line":319,"column":54}},"178":{"start":{"line":320,"column":34},"end":{"line":320,"column":77}},"179":{"start":{"line":323,"column":34},"end":{"line":323,"column":54}},"180":{"start":{"line":324,"column":34},"end":{"line":324,"column":131}},"181":{"start":{"line":327,"column":34},"end":{"line":327,"column":64}},"182":{"start":{"line":331,"column":34},"end":{"line":331,"column":58}},"183":{"start":{"line":338,"column":24},"end":{"line":338,"column":44}},"184":{"start":{"line":340,"column":24},"end":{"line":343,"column":25}},"185":{"start":{"line":341,"column":26},"end":{"line":341,"column":45}},"186":{"start":{"line":342,"column":26},"end":{"line":342,"column":32}},"187":{"start":{"line":345,"column":24},"end":{"line":345,"column":66}},"188":{"start":{"line":349,"column":24},"end":{"line":349,"column":48}},"189":{"start":{"line":355,"column":14},"end":{"line":357,"column":16}},"190":{"start":{"line":356,"column":16},"end":{"line":356,"column":52}},"191":{"start":{"line":360,"column":12},"end":{"line":402,"column":14}},"192":{"start":{"line":361,"column":14},"end":{"line":361,"column":98}},"193":{"start":{"line":363,"column":14},"end":{"line":363,"column":46}},"194":{"start":{"line":364,"column":14},"end":{"line":364,"column":51}},"195":{"start":{"line":365,"column":14},"end":{"line":365,"column":44}},"196":{"start":{"line":366,"column":14},"end":{"line":366,"column":45}},"197":{"start":{"line":368,"column":14},"end":{"line":401,"column":15}},"198":{"start":{"line":369,"column":16},"end":{"line":383,"column":18}},"199":{"start":{"line":370,"column":18},"end":{"line":370,"column":47}},"200":{"start":{"line":372,"column":18},"end":{"line":376,"column":19}},"201":{"start":{"line":373,"column":20},"end":{"line":375,"column":23}},"202":{"start":{"line":374,"column":22},"end":{"line":374,"column":98}},"203":{"start":{"line":377,"column":18},"end":{"line":379,"column":19}},"204":{"start":{"line":378,"column":20},"end":{"line":378,"column":111}},"205":{"start":{"line":380,"column":18},"end":{"line":382,"column":19}},"206":{"start":{"line":381,"column":20},"end":{"line":381,"column":109}},"207":{"start":{"line":385,"column":16},"end":{"line":387,"column":17}},"208":{"start":{"line":386,"column":18},"end":{"line":386,"column":26}},"209":{"start":{"line":389,"column":16},"end":{"line":389,"column":41}},"210":{"start":{"line":390,"column":16},"end":{"line":390,"column":37}},"211":{"start":{"line":392,"column":16},"end":{"line":400,"column":17}},"212":{"start":{"line":393,"column":18},"end":{"line":395,"column":19}},"213":{"start":{"line":394,"column":20},"end":{"line":394,"column":39}},"214":{"start":{"line":397,"column":18},"end":{"line":399,"column":19}},"215":{"start":{"line":398,"column":20},"end":{"line":398,"column":41}},"216":{"start":{"line":404,"column":12},"end":{"line":452,"column":16}},"217":{"start":{"line":405,"column":14},"end":{"line":447,"column":18}},"218":{"start":{"line":406,"column":16},"end":{"line":406,"column":50}},"219":{"start":{"line":407,"column":16},"end":{"line":446,"column":40}},"220":{"start":{"line":408,"column":18},"end":{"line":445,"column":19}},"221":{"start":{"line":409,"column":20},"end":{"line":444,"column":21}},"222":{"start":{"line":411,"column":24},"end":{"line":411,"column":44}},"223":{"start":{"line":412,"column":24},"end":{"line":412,"column":38}},"224":{"start":{"line":415,"column":24},"end":{"line":418,"column":25}},"225":{"start":{"line":416,"column":26},"end":{"line":416,"column":46}},"226":{"start":{"line":417,"column":26},"end":{"line":417,"column":32}},"227":{"start":{"line":420,"column":24},"end":{"line":420,"column":97}},"228":{"start":{"line":421,"column":24},"end":{"line":421,"column":43}},"229":{"start":{"line":422,"column":24},"end":{"line":422,"column":68}},"230":{"start":{"line":425,"column":24},"end":{"line":428,"column":25}},"231":{"start":{"line":426,"column":26},"end":{"line":426,"column":45}},"232":{"start":{"line":427,"column":26},"end":{"line":427,"column":32}},"233":{"start":{"line":430,"column":24},"end":{"line":430,"column":57}},"234":{"start":{"line":433,"column":24},"end":{"line":433,"column":70}},"235":{"start":{"line":434,"column":24},"end":{"line":434,"column":43}},"236":{"start":{"line":435,"column":24},"end":{"line":435,"column":30}},"237":{"start":{"line":438,"column":24},"end":{"line":438,"column":44}},"238":{"start":{"line":439,"column":24},"end":{"line":439,"column":63}},"239":{"start":{"line":443,"column":24},"end":{"line":443,"column":48}},"240":{"start":{"line":449,"column":14},"end":{"line":451,"column":16}},"241":{"start":{"line":450,"column":16},"end":{"line":450,"column":52}},"242":{"start":{"line":454,"column":12},"end":{"line":501,"column":16}},"243":{"start":{"line":455,"column":14},"end":{"line":496,"column":18}},"244":{"start":{"line":456,"column":16},"end":{"line":456,"column":49}},"245":{"start":{"line":457,"column":16},"end":{"line":495,"column":40}},"246":{"start":{"line":458,"column":18},"end":{"line":494,"column":19}},"247":{"start":{"line":459,"column":20},"end":{"line":493,"column":21}},"248":{"start":{"line":461,"column":24},"end":{"line":461,"column":43}},"249":{"start":{"line":462,"column":24},"end":{"line":462,"column":70}},"250":{"start":{"line":465,"column":24},"end":{"line":468,"column":25}},"251":{"start":{"line":466,"column":26},"end":{"line":466,"column":45}},"252":{"start":{"line":4
[...]
              return function markChildrenAsProdDeps(_x15) {","                return _ref5.apply(this, arguments);","              };","            }();","","            _context6.next = 19;","            return (0, _readPackageJson2.default)(buildPath);","","          case 19:","            rootPackageJSON = _context6.sent;","            markWaiters = [];","            depKeys = [];","","            if (types.indexOf('prod') !== -1) {","              depKeys.push.apply(depKeys, (0, _toConsumableArray3.default)((0, _keys2.default)(rootPackageJSON.dependencies || {})));","            }","            if (types.indexOf('optional') !== -1) {","              depKeys.push.apply(depKeys, (0, _toConsumableArray3.default)((0, _keys2.default)(rootPackageJSON.optionalDependencies || {})));","            }","            if (types.indexOf('dev') !== -1) {","              depKeys.push.apply(depKeys, (0, _toConsumableArray3.default)((0, _keys2.default)(rootPackageJSON.devDependencies || {})));","            }","            depKeys.forEach(function (key) {","              prodDeps[key] = true;","              markWaiters.push(markChildrenAsProdDeps(_path2.default.resolve(buildPath, 'node_modules', key)));","            });","","            _context6.next = 28;","            return _promise2.default.all(markWaiters);","","          case 28:","","            d('identified prod deps:', prodDeps);","","            rebuildAllModulesIn(_path2.default.resolve(buildPath, 'node_modules'));","","            if (!(mode !== 'sequential')) {","              _context6.next = 35;","              break;","            }","","            _context6.next = 33;","            return _promise2.default.all(rebuilds.map(function (fn) {","              return fn();","            }));","","          case 33:","            _context6.next = 61;","            break;","","          case 35:","            _iteratorNormalCompletion2 = true;","            _didIteratorError2 = false;","            _iteratorError2 = undefined;","            _context6.prev = 38;","            _iterator2 = (0, _getIterator3.default)(rebuilds);","","          case 40:","            if (_iteratorNormalCompletion2 = (_step2 = _iterator2.next()).done) {","              _context6.next = 47;","              break;","            }","","            rebuildFn = _step2.value;","            _context6.next = 44;","            return rebuildFn();","","          case 44:","            _iteratorNormalCompletion2 = true;","            _context6.next = 40;","            break;","","          case 47:","            _context6.next = 53;","            break;","","          case 49:","            _context6.prev = 49;","            _context6.t0 = _context6['catch'](38);","            _didIteratorError2 = true;","            _iteratorError2 = _context6.t0;","","          case 53:","            _context6.prev = 53;","            _context6.prev = 54;","","            if (!_iteratorNormalCompletion2 && _iterator2.return) {","              _iterator2.return();","            }","","          case 56:","            _context6.prev = 56;","","            if (!_didIteratorError2) {","              _context6.next = 59;","              break;","            }","","            throw _iteratorError2;","","          case 59:","            return _context6.finish(56);","","          case 60:","            return _context6.finish(53);","","          case 61:","          case 'end':","            return _context6.stop();","        }","      }","    }, _callee6, undefined, [[38, 49, 53, 61], [54,, 56, 60]]);","  }));","","  return function _rebuild(_x, _x2, _x3) {","    return _ref2.apply(this, arguments);","  };","}();","","var rebuild = function rebuild() {","  for (var _len = arguments.length, args = Array(_len), _key = 0; _key < _len; _key++) {","    args[_key] = arguments[_key];","  }","","  var lifecycle = new _events2.default();","  d('rebuilding with args:', args);","  var rebuilder = _rebuild.apply(undefined, [lifecycle].concat(args));","  rebuilder.lifecycle = lifecycle;","  return rebuilder;","};","","var rebuildNativeModules = exports.rebuildNativeModules = function rebuildNativeModules(electronVersion, modulePath) {","  var whichModule = arguments.length > 2 && arguments[2] !== undefined ? arguments[2] : '';","  var headersDir = arguments.length > 3 && arguments[3] !== undefined ? arguments[3] : null;","  var arch = arguments.length > 4 && arguments[4] !== undefined ? arguments[4] : process.arch;","  var command = arguments[5];","  var ignoreDevDeps = arguments.length > 6 && arguments[6] !== undefined ? arguments[6] : false;","  var ignoreOptDeps = arguments.length > 7 && arguments[7] !== undefined ? arguments[7] : false;","  var verbose = arguments.length > 8 && arguments[8] !== undefined ? arguments[8] : false;","","  if (_path2.default.basename(modulePath) === 'node_modules') {","    modulePath = _path2.default.dirname(modulePath);","  }","  d('rebuilding in:', modulePath);","  console.warn('You are using the old API, please read the new docs and update to the new API');","  return rebuild(modulePath, electronVersion, arch, whichModule.split(','));","};","","exports.default = rebuild;"],"l":{"3":1,"6":1,"8":1,"10":1,"12":1,"14":1,"16":1,"18":1,"20":1,"22":1,"24":1,"26":1,"28":1,"30":1,"32":1,"34":1,"36":1,"38":1,"40":1,"42":1,"44":1,"46":1,"48":1,"50":1,"52":1,"54":1,"56":1,"58":1,"60":1,"62":1,"64":1,"66":1,"68":14,"70":1,"72":1,"74":1,"75":1,"76":0,"77":0,"78":0,"79":0,"81":0,"82":0,"85":0,"86":0,"87":0,"90":0,"91":0,"92":0,"95":0,"96":0,"97":0,"100":0,"103":0,"106":0,"107":0,"108":0,"111":0,"115":0,"121":1,"122":0,"126":1,"127":1,"128":0,"129":0,"130":0,"131":0,"132":0,"133":0,"135":0,"137":0,"138":0,"139":0,"141":0,"142":0,"143":0,"146":0,"149":0,"150":0,"151":0,"152":0,"153":0,"154":0,"157":0,"159":0,"160":0,"161":0,"164":0,"168":0,"169":0,"170":0,"173":0,"175":0,"176":0,"177":0,"179":0,"180":0,"181":0,"183":0,"184":0,"187":0,"188":0,"189":0,"192":0,"193":0,"194":0,"195":0,"196":0,"198":0,"200":0,"201":0,"203":0,"204":0,"205":0,"208":0,"209":0,"212":0,"215":0,"216":0,"217":0,"220":0,"221":0,"224":0,"226":0,"227":0,"228":0,"231":0,"232":0,"233":0,"234":0,"239":0,"240":0,"241":0,"242":0,"245":0,"247":0,"248":0,"249":0,"250":0,"252":0,"253":0,"254":0,"256":0,"259":0,"260":0,"261":0,"276":0,"277":0,"278":0,"281":0,"282":0,"285":0,"287":0,"288":0,"289":0,"290":0,"293":0,"294":0,"295":0,"296":0,"297":0,"298":0,"301":0,"302":0,"305":0,"306":0,"307":0,"308":0,"309":0,"312":0,"313":0,"314":0,"317":0,"318":0,"319":0,"320":0,"323":0,"324":0,"327":0,"331":0,"338":0,"340":0,"341":0,"342":0,"345":0,"349":0,"355":0,"356":0,"360":0,"361":0,"363":0,"364":0,"365":0,"366":0,"368":0,"369":0,"370":0,"372":0,"373":0,"374":0,"377":0,"378":0,"380":0,"381":0,"385":0,"386":0,"389":0,"390":0,"392":0,"393":0,"394":0,"397":0,"398":0,"404":0,"405":0,"406":0,"407":0,"408":0,"409":0,"411":0,"412":0,"415":0,"416":0,"417":0,"420":0,"421":0,"422":0,"425":0,"426":0,"427":0,"430":0,"433":0,"434":0,"435":0,"438":0,"439":0,"443":0,"449":0,"450":0,"454":0,"455":0,"456":0,"457":0,"458":0,"459":0,"461":0,"462":0,"465":0,"466":0,"467":0,"470":0,"473":0,"474":0,"475":0,"478":0,"479":0,"482":0,"483":0,"484":0,"485":0,"487":0,"488":0,"492":0,"498":0,"499":0,"503":0,"504":0,"507":0,"508":0,"509":0,"511":0,"512":0,"514":0,"515":0,"517":0,"518":0,"520":0,"521":0,"522":0,"525":0,"526":0,"530":0,"532":0,"534":0,"535":0,"536":0,"539":0,"540":0,"541":0,"545":0,"546":0,"549":0,"550":0,"551":0,"552":0,"553":0,"556":0,"557":0,"558":0,"561":0,"562":0,"563":0,"566":0,"567":0,"568":0,"571":0,"572":0,"575":0,"576":0,"577":0,"578":0,"581":0,"582":0,"584":0,"585":0,"589":0,"591":0,"592":0,"593":0,"596":0,"599":0,"602":0,"606":0,"612":1,"613":0,"617":1,"618":0,"619":0,"622":0,"623":0,"624":0,"625":0,"626":0,"629":1,"630":0,"631":0,"632":0,"633":0,"634":0,"635":0,"636":0,"638":0,"639":0,"641":0,"642":0,"643":0,"646":1}},"/home/travis/build/npmtest/node-npmtest-electron-rebuild/node_modules/electron-rebuild/lib/read-package-json.js":{"path":"/home/travis/build/npmtest/node-npmtest-electron-rebuild/node_modules/electron-rebuild/lib/read-package-json.js","s":{"1":1,"2":1,"3":1,"4":1,"5":1,"6":1,"7":1,"8":1,"9":1,"10":3,"11":1,"12":1,"13":0,"14":0,"15":0,"16":0,"17":0,"18":0,"19":0,"20":0,"21":0,"22":0,"23":0,"24":0,"25":0,"26":0,"27":0,"28":0,"29":0,"30":0,"31":0,"32":0,"33":0,"34":0,"35":0,"36":1,"37":0},"b":{"1":[0,3],"2":[3,3],"3":[0,0],"4":[0,0],"5":[0,0,0,0,0,0,0],"6":[0,0]},"f":{"1":3,"2":1,"3":0,"4":0,"5":0},"fnMap":{"1":{"name":"_interopRequireDefault","line":21,"loc":{"start":{"line":21,"column":0},"end":{"line":21,"column":37}}},"2":{"name":"(anonymous_2)","line":23,"loc":{"start":{"line":23,"column":18},"end":{"line":23,"column":30}}},"3":{"name":"_callee","line":24,"loc":{"start":{"line":24,"column":65},"end":{"line":24,"column":87}}},"4":{"name":"_callee$","line":27,"loc":{"start":{"line":27,"column":38},"end":{"line":27,"column":66}}},"5":{"name":"(anonymous_5)","line":68,"loc":{"start":{"line":68,"column":9},"end":{"line":68,"column":23}}}},"statementMap":{"1":{"start":{"line":3,"column":0},"end":{"line":5,"column":3}},"2":{"start":{"line":7,"column":0},"end":{"line":7,"column":56}},"3":{"start":{"line":9,"column":0},"end":{"line":9,"column":57}},"4":{"start":{"line":11,"column":0},"end":{"line":11,"column":36}},"5":{"start":{"line":13,"column":0},"end":{"line":13,"column":39}},"6":{"start":{"line":15,"column":0},"end":{"line":15,"column":53}},"7":{"start":{"line":17,"column":0},"end":{"line":17,"column":28}},"8":{"start":{"line":19,"column":0},"end":{"line":19,"column":43}},"9":{"start":{"line":21,"column":0},"end":{"line":21,"column":95}},"10":{"start":{"line":21,"column":39},"end":{"line":21,"column":93}},"11":{"start":{"line":23,"column":0},"end":{"line":71,"column":4}},"12":{"start":{"line":24,"column":2},"end":{"line":66,"column":6}},"13":{"start":{"line":25,"column":4},"end":{"line":25,"column":89}},"14":{"start":{"line":26,"column":4},"end":{"line":26,"column":20}},"15":{"start":{"line":27,"column":4},"end":{"line":65,"column":37}},"16":{"start":{"line":28,"column":6},"end":{"line":64,"column":7}},"17":{"start":{"line":29,"column":8},"end":{"line":63,"column":9}},"18":{"start":{"line":31,"column":12},"end":{"line":31,"column":33}},"19":{"start":{"line":32,"column":12},"end":{"line":32,"column":30}},"20":{"start":{"line":33,"column":12},"end":{"line":33,"column":30}},"21":{"start":{"line":34,"column":12},"end":{"line":34,"column":101}},"22":{"start":{"line":37,"column":12},"end":{"line":37,"column":40}},"23":{"start":{"line":38,"column":12},"end":{"line":38,"column":31}},"24":{"start":{"line":39,"column":12},"end":{"line":39,"column":18}},"25":{"start":{"line":42,"column":12},"end":{"line":42,"column":30}},"26":{"start":{"line":43,"column":12},"end":{"line":43,"column":47}},"27":{"start":{"line":45,"column":12},"end":{"line":48,"column":13}},"28":{"start":{"line":46,"column":14},"end":{"line":46,"column":33}},"29":{"start":{"line":47,"column":14},"end":{"line":47,"column":20}},"30":{"start":{"line":50,"column":12},"end":{"line":50,"column":31}},"31":{"start":{"line":51,"column":12},"end":{"line":51,"column":31}},"32":{"start":{"line":52,"column":12},"end":{"line":52,"column":18}},"33":{"start":{"line":55,"column":12},"end":{"line":55,"column":30}},"34":{"start":{"line":58,"column":12},"end":{"line":58,"column":70}},"35":{"start":{"line":62,"column":12},"end":{"line":62,"column":35}},"36":{"start":{"line":68,"column":2},"end":{"line":70,"column":4}},"37":{"start":{"line":69,"column":4},"end":{"line":69,"column":39}}},"branchMap":{"1":{"line":21,"type":"cond-expr","locations":[{"start":{"line":21,"column":70},"end":{"line":21,"column":73}},{"start":{"line":21,"column":76},"end":{"line":21,"column":92}}]},"2":{"line":21,"type":"binary-expr","locations":[{"start":{"line":21,"column":46},"end":{"line":21,"column":49}},{"start":{"line":21,"column":53},"end":{"line":21,"column":67}}]},"3":{"line":25,"type":"cond-expr","locations":[{"start":{"line":25,"column":68},"end":{"line":25,"column":80}},{"start":{"line":25,"column":83},"end":{"line":25,"column":88}}]},"4":{"line":25,"type":"binary-expr","locations":[{"start":{"line":25,"column":15},"end":{"line":25,"column":35}},{"start":{"line":25,"column":39},"end":{"line":25,"column":65}}]},"5":{"line":29,"type":"switch","locations":[{"start":{"line":30,"column":10},"end":{"line":34,"column":101}},{"start":{"line":36,"column":10},"end":{"line":39,"column":18}},{"start":{"line":41,"column":10},"end":{"line":52,"column":18}},{"start":{"line":54,"column":10},"end":{"line":55,"column":30}},{"start":{"line":57,"column":10},"end":{"line":58,"column":70}},{"start":{"line":60,"column":10},"end":{"line":60,"column":18}},{"start":{"line":61,"column":10},"end":{"line":62,"column":35}}]},"6":{"line":45,"type":"if","locations":[{"start":{"line":45,"column":12},"end":{"line":45,"column":12}},{"start":{"line":45,"column":12},"end":{"line":45,"column":12}}]}},"code":["'use strict';","","Object.defineProperty(exports, \"__esModule\", {","  value: true","});","","var _regenerator = require('babel-runtime/regenerator');","","var _regenerator2 = _interopRequireDefault(_regenerator);","","var _bluebird = require('bluebird');","","var _fsPromise = require('fs-promise');","","var _fsPromise2 = _interopRequireDefault(_fsPromise);","","var _path = require('path');","","var _path2 = _interopRequireDefault(_path);","","function _interopRequireDefault(obj) { return obj && obj.__esModule ? obj : { default: obj }; }","","exports.default = function () {","  var _ref = (0, _bluebird.coroutine)(_regenerator2.default.mark(function _callee(dir) {","    var safe = arguments.length > 1 && arguments[1] !== undefined ? arguments[1] : false;","    var packageData;","    return _regenerator2.default.wrap(function _callee$(_context) {","      while (1) {","        switch (_context.prev = _context.next) {","          case 0:","            packageData = void 0;","            _context.prev = 1;","            _context.next = 4;","            return _fsPromise2.default.readFile(_path2.default.resolve(dir, 'package.json'), 'utf8');","","          case 4:","            packageData = _context.sent;","            _context.next = 14;","            break;","","          case 7:","            _context.prev = 7;","            _context.t0 = _context['catch'](1);","","            if (!safe) {","              _context.next = 13;","              break;","            }","","            packageData = '{}';","            _context.next = 14;","            break;","","          case 13:","            throw _context.t0;","","          case 14:","            return _context.abrupt('return', JSON.parse(packageData));","","          case 15:","          case 'end':","            return _context.stop();","        }","      }","    }, _callee, undefined, [[1, 7]]);","  }));","","  return function (_x) {","    return _ref.apply(this, arguments);","  };","}();"],"l":{"3":1,"7":1,"9":1,"11":1,"13":1,"15":1,"17":1,"19":1,"21":3,"23":1,"24":1,"25":0,"26":0,"27":0,"28":0,"29":0,"31":0,"32":0,"33":0,"34":0,"37":0,"38":0,"39":0,"42":0,"43":0,"45":0,"46":0,"47":0,"50":0,"51":0,"52":0,"55":0,"58":0,"62":0,"68":1,"69":0}},"/home/travis/build/npmtest/node-npmtest-electron-rebuild/node_modules/electron-rebuild/lib/electron-locater.js":{"path":"/home/travis/build/npmtest/node-npmtest-electron-rebuild/node_modules/electron-rebuild/lib/electron-locater.js","s":{"1":1,"2":1,"3":1,"4":1,"5":1,"6":1,"7":1,"8":2,"9":1,"10":1,"11":0,"12":0,"13":0,"14":0,"15":0,"16":0,"17":0,"18":0,"19":0,"20":0,"21":0,"22":0,"23":0,"24":0},"b":{"1":[0,2],"2":[2,2],"3":[0,0],"4":[0,0]},"f":{"1":2,"2":0,"3":0,"4":0},"fnMap":{"1":{"name":"_interopRequireDefault","line":16,"loc":{"start":{"line":16,"column":0},"end":{"line":16,"column":37}}},"2":{"name":"locateElectronPrebuilt","line":20,"loc":{"start":{"line":20,"column":0},"end":{"line":20,"column":34}}},"3":{"name":"(anonymous_3)","line":24,"loc":{"start":{"line":24,"column":45},"end":{"line":24,"column":67}}},"4":{"name":"(anonymous_4)","line":33,"loc":{"start":{"line":33,"column":41},"end":{"line":33,"column":63}}}},"statementMap":{"1":{"start":{"line":3,"column":0},"end":{"line":5,"column":3}},"2":{"start":{"line":6,"column":0},"end":{"line":6,"column":56}},"3":{"start":{"line":8,"column":0},"end":{"line":8,"column":24}},"4":{"start":{"line":10,"column":0},"end":{"line":10,"column":39}},"5":{"start":{"line":12,"column":0},"end":{"line":12,"column":28}},"6":{"start":{"line":14,"column":0},"end":{"line":14,"column":43}},"7":{"start":{"line":16,"column":0},"end":{"line":16,"column":95}},"8":{"start":{"line":16,"column":39},"end":{"line":16,"column":93}},"9":{"start":{"line":18,"column":0},"end":{"line":18,"column":89}},"10":{"start":{"line":20,"column":0},"end":{"line":45,"column":1}},"11":{"start":{"line":21,"column":2},"end":{"line":21,"column":28}},"12":{"start":{"line":24,"column":2},"end":{"line":27,"column":5}},"13":{"start":{"line":25,"column":4},"end":{"line":25,"column":74}},"14":{"start":{"line":26,"column":4},"end":{"line":26,"column":49}},"15":{"start":{"line":30,"column":2},"end":{"line":30,"column":39}},"16":{"start":{"line":30,"column":19},"end":{"line":30,"column":39}},"17":{"start":{"line":33,"column":2},"end":{"line":40,"column":5}},"18":{"start":{"line":34,"column":4},"end":{"line":38,"column":5}},"19":{"start":{"line":35,"column":6},"end":{"line":35,"column":76}},"20":{"start":{"line":37,"column":6},"end":{"line":37,"column":19}},"21":{"start":{"line":39,"column":4},"end":{"line":39,"column":49}},"22":{"start":{"line":43,"column":2},"end":{"line":43,"column":39}},"23":{"start":{"line":43,"column":19},"end":{"line":43,"column":39}},"24":{"start":{"line":44,"column":2},"end":{"line":44,"column":14}}},"branchMap":{"1":{"line":16,"type":"cond-expr","locations":[{"start":{"line":16,"column":70},"end":{"line":16,"column":73}},{"start":{"line":16,"column":76},"end":{"line":16,"column":92}}]},"2":{"line":16,"type":"binary-expr","locations":[{"start":{"line":16,"column":46},"end":{"line":16,"column":49}},{"start":{"line":16,"column":53},"end":{"line":16,"column":67}}]},"3":{"line":30,"type":"if","locations":[{"start":{"line":30,"column":2},"end":{"line":30,"column":2}},{"start":{"line":30,"column":2},"end":{"line":30,"column":2}}]},"4":{"line":43,"type":"if","locations":[{"start":{"line":43,"column":2},"end":{"line":43,"column":2}},{"start":{"line":43,"column":2},"end":{"line":43,"column":2}}]}},"code":["'use strict';","","Object.defineProperty(exports, \"__esModule\", {","  value: true","});","exports.locateElectronPrebuilt = locateElectronPrebuilt;","","var _fs = require('fs');","","var _fs2 = _interopRequireDefault(_fs);","","var _path = require('path');","","var _path2 = _interopRequireDefault(_path);","","function _interopRequireDefault(obj) { return obj && obj.__esModule ? obj : { default: obj }; }","","var possibleModuleNames = ['electron', 'electron-prebuilt', 'electron-prebuilt-compile'];","","function locateElectronPrebuilt() {","  var electronPath = void 0;","","  // Attempt to locate modules by path","  var foundModule = possibleModuleNames.some(function (moduleName) {","    electronPath = _path2.default.join(__dirname, '..', '..', moduleName);","    return _fs2.default.existsSync(electronPath);","  });","","  // Return a path if we found one","  if (foundModule) return electronPath;","","  // Attempt to locate modules by require","  foundModule = possibleModuleNames.some(function (moduleName) {","    try {","      electronPath = _path2.default.join(require.resolve(moduleName), '..');","    } catch (e) {","      return false;","    }","    return _fs2.default.existsSync(electronPath);","  });","","  // Return a path if we found one","  if (foundModule) return electronPath;","  return null;","}"],"l":{"3":1,"6":1,"8":1,"10":1,"12":1,"14":1,"16":2,"18":1,"20":1,"21":0,"24":0,"25":0,"26":0,"30":0,"33":0,"34":0,"35":0,"37":0,"39":0,"43":0,"44":0}}}